This file contains any messages produced by compilers while
running configure, to aid debugging if configure makes a mistake.

It was created by configure, which was
generated by GNU Autoconf 2.52.20181006.  Invocation command line was

  $ ./configure --enable-256-color --enable-sixel-graphics --enable-sixel

## ---------- ##
## Platform.  ##
## ---------- ##

hostname = hanaharu
uname -m = x86_64
uname -r = 4.18.12-rt7-3-rt-bfq
uname -s = Linux
uname -v = #1 SMP PREEMPT RT Wed Oct 17 22:32:53 PDT 2018

/usr/bin/uname -p = unknown
/bin/uname -X     = unknown

/bin/arch              = unknown
/usr/bin/arch -k       = unknown
/usr/convex/getsysinfo = unknown
hostinfo               = unknown
/bin/machine           = unknown
/usr/bin/oslevel       = unknown
/bin/universe          = unknown

PATH = /home/diamond/.go/bin:/home/diamond/.cargo/bin:/usr/local/bin:/usr/bin:/bin:/usr/local/sbin:/opt/android-sdk/platform-tools:/usr/lib/jvm/default/bin:/usr/bin/site_perl:/usr/bin/vendor_perl:/usr/bin/core_perl

## ------------ ##
## Core tests.  ##
## ------------ ##

configure:1103: PATH=".;."; conftest.sh
./configure: line 1104: conftest.sh: command not found
configure:1106: $? = 127
configure:1148: checking build system type
configure:1166: result: x86_64-pc-linux-gnu
configure:1174: checking host system type
configure:1188: result: x86_64-pc-linux-gnu
configure:1214: result: Configuring for linux-gnu
configure:1280: checking for gcc
configure:1295: found /usr/bin/gcc
configure:1303: result: gcc
configure:1531: checking for C compiler version
configure:1534: gcc --version </dev/null >&5
gcc (GCC) 8.2.1 20180831
Copyright (C) 2018 Free Software Foundation, Inc.
This is free software; see the source for copying conditions.  There is NO
warranty; not even for MERCHANTABILITY or FITNESS FOR A PARTICULAR PURPOSE.

configure:1537: $? = 0
configure:1539: gcc -v </dev/null >&5
Using built-in specs.
COLLECT_GCC=gcc
COLLECT_LTO_WRAPPER=/usr/lib/gcc/x86_64-pc-linux-gnu/8.2.1/lto-wrapper
Target: x86_64-pc-linux-gnu
Configured with: /build/gcc/src/gcc/configure --prefix=/usr --libdir=/usr/lib --libexecdir=/usr/lib --mandir=/usr/share/man --infodir=/usr/share/info --with-bugurl=https://bugs.archlinux.org/ --enable-languages=c,c++,ada,fortran,go,lto,objc,obj-c++ --enable-shared --enable-threads=posix --enable-libmpx --with-system-zlib --with-isl --enable-__cxa_atexit --disable-libunwind-exceptions --enable-clocale=gnu --disable-libstdcxx-pch --disable-libssp --enable-gnu-unique-object --enable-linker-build-id --enable-lto --enable-plugin --enable-install-libiberty --with-linker-hash-style=gnu --enable-gnu-indirect-function --enable-multilib --disable-werror --enable-checking=release --enable-default-pie --enable-default-ssp --enable-cet=auto
Thread model: posix
gcc version 8.2.1 20180831 (GCC) 
configure:1542: $? = 0
configure:1544: gcc -V </dev/null >&5
gcc: error: unrecognized command line option '-V'
gcc: fatal error: no input files
compilation terminated.
configure:1547: $? = 1
configure:1567: checking for C compiler default output
configure:1570: gcc    conftest.c  >&5
configure:1573: $? = 0
configure:1602: result: a.out
configure:1607: checking whether the C compiler works
configure:1613: ./a.out
configure:1616: $? = 0
configure:1631: result: yes
configure:1638: checking whether we are cross compiling
configure:1640: result: no
configure:1643: checking for executable suffix
configure:1645: gcc -o conftest    conftest.c  >&5
configure:1648: $? = 0
configure:1670: result: 
configure:1676: checking for object suffix
configure:1694: gcc -c   conftest.c >&5
configure:1697: $? = 0
configure:1716: result: o
configure:1720: checking whether we are using the GNU C compiler
configure:1741: gcc -c   conftest.c >&5
configure:1744: $? = 0
configure:1747: test -s conftest.o
configure:1750: $? = 0
configure:1762: result: yes
configure:1768: checking whether gcc accepts -g
configure:1786: gcc -c -g  conftest.c >&5
configure:1789: $? = 0
configure:1792: test -s conftest.o
configure:1795: $? = 0
configure:1805: result: yes
configure:1832: gcc -c -g -O2  conftest.c >&5
conftest.c:2:3: error: unknown type name 'choke'
   choke me
   ^~~~~
conftest.c:2:3: error: expected '=', ',', ';', 'asm' or '__attribute__' at end of input
configure:1835: $? = 1
configure: failed program was:
#ifndef __cplusplus
  choke me
#endif
configure:1936: checking version of gcc
configure:1940: result: 8.2.1
configure:1944: checking for gcc option to accept ANSI C
configure:2001: gcc  -c -g -O2  conftest.c >&5
configure:2004: $? = 0
configure:2007: test -s conftest.o
configure:2010: $? = 0
configure:2027: result: none needed
configure:2038: checking $CFLAGS variable
configure:2152: result: ok
configure:2157: checking $CC variable
configure:2292: result: ok
configure:2303: checking how to run the C preprocessor
configure:2329: gcc -E  conftest.c
configure:2335: $? = 0
configure:2362: gcc -E  conftest.c
configure:2359:10: fatal error: ac_nonexistent.h: No such file or directory
 #include "confdefs.h"
          ^~~~~~~~~~~~      
compilation terminated.
configure:2368: $? = 1
configure: failed program was:
#line 2358 "configure"
#include "confdefs.h"
#include <ac_nonexistent.h>
configure:2405: result: gcc -E
configure:2420: gcc -E  conftest.c
configure:2426: $? = 0
configure:2453: gcc -E  conftest.c
configure:2450:10: fatal error: ac_nonexistent.h: No such file or directory
 #include "confdefs.h"
          ^~~~~~~~~~~~      
compilation terminated.
configure:2459: $? = 1
configure: failed program was:
#line 2449 "configure"
#include "confdefs.h"
#include <ac_nonexistent.h>
configure:2503: checking for mawk
configure:2529: result: no
configure:2503: checking for gawk
configure:2518: found /usr/bin/gawk
configure:2526: result: gawk
configure:2548: checking for a BSD compatible install
configure:2597: result: /usr/bin/install -c
configure:2608: checking whether ln -s works
configure:2612: result: yes
configure:2636: checking for lint
configure:2662: result: no
configure:2636: checking for cppcheck
configure:2662: result: no
configure:2636: checking for splint
configure:2662: result: no
configure:2711: checking if this is the GNU C library
configure:2737: gcc -c -g -O2  conftest.c >&5
configure:2740: $? = 0
configure:2743: test -s conftest.o
configure:2746: $? = 0
configure:2757: result: yes
configure:2765: checking if _DEFAULT_SOURCE can be used as a basis
configure:2796: gcc -c -g -O2 -D_DEFAULT_SOURCE conftest.c >&5
configure:2799: $? = 0
configure:2802: test -s conftest.o
configure:2805: $? = 0
configure:2817: result: yes
configure:2822: checking if _XOPEN_SOURCE=700 works with _DEFAULT_SOURCE
configure:2947: gcc -c -g -O2 -D_DEFAULT_SOURCE -D_XOPEN_SOURCE=700 conftest.c >&5
configure:2950: $? = 0
configure:2953: test -s conftest.o
configure:2956: $? = 0
configure:2967: result: yes
configure:4096: checking if _XOPEN_SOURCE really is set
configure:4114: gcc -c -g -O2 -D_DEFAULT_SOURCE -D_XOPEN_SOURCE=700 conftest.c >&5
configure:4117: $? = 0
configure:4120: test -s conftest.o
configure:4123: $? = 0
configure:4132: result: yes
configure:4152: gcc -c -g -O2 -D_DEFAULT_SOURCE -D_XOPEN_SOURCE=700 conftest.c >&5
configure:4155: $? = 0
configure:4158: test -s conftest.o
configure:4161: $? = 0
configure:4385: checking if SIGWINCH is defined
configure:4407: gcc -c -g -O2 -D_DEFAULT_SOURCE -D_XOPEN_SOURCE=700 conftest.c >&5
configure:4410: $? = 0
configure:4413: test -s conftest.o
configure:4416: $? = 0
configure:4464: result: yes
configure:4546: checking for ncurses/curses.h
configure:4556: gcc -E -D_DEFAULT_SOURCE -D_XOPEN_SOURCE=700 conftest.c
configure:4553:10: fatal error: ncurses/curses.h: No such file or directory
 #include "confdefs.h"
          ^~~~~~~~~~~~      
compilation terminated.
configure:4562: $? = 1
configure: failed program was:
#line 4552 "configure"
#include "confdefs.h"
#include <ncurses/curses.h>
configure:4581: result: no
configure:4546: checking for ncurses/term.h
configure:4556: gcc -E -D_DEFAULT_SOURCE -D_XOPEN_SOURCE=700 conftest.c
configure:4553:10: fatal error: ncurses/term.h: No such file or directory
 #include "confdefs.h"
          ^~~~~~~~~~~~    
compilation terminated.
configure:4562: $? = 1
configure: failed program was:
#line 4552 "configure"
#include "confdefs.h"
#include <ncurses/term.h>
configure:4581: result: no
configure:4546: checking for stdlib.h
configure:4556: gcc -E -D_DEFAULT_SOURCE -D_XOPEN_SOURCE=700 conftest.c
configure:4562: $? = 0
configure:4581: result: yes
configure:4546: checking for sys/ptem.h
configure:4556: gcc -E -D_DEFAULT_SOURCE -D_XOPEN_SOURCE=700 conftest.c
configure:4553:10: fatal error: sys/ptem.h: No such file or directory
 #include "confdefs.h"
          ^~~~~~~~~~~~
compilation terminated.
configure:4562: $? = 1
configure: failed program was:
#line 4552 "configure"
#include "confdefs.h"
#include <sys/ptem.h>
configure:4581: result: no
configure:4546: checking for sys/ttydefaults.h
configure:4556: gcc -E -D_DEFAULT_SOURCE -D_XOPEN_SOURCE=700 conftest.c
configure:4562: $? = 0
configure:4581: result: yes
configure:4546: checking for term.h
configure:4556: gcc -E -D_DEFAULT_SOURCE -D_XOPEN_SOURCE=700 conftest.c
configure:4562: $? = 0
configure:4581: result: yes
configure:4546: checking for termios.h
configure:4556: gcc -E -D_DEFAULT_SOURCE -D_XOPEN_SOURCE=700 conftest.c
configure:4562: $? = 0
configure:4581: result: yes
configure:4546: checking for unistd.h
configure:4556: gcc -E -D_DEFAULT_SOURCE -D_XOPEN_SOURCE=700 conftest.c
configure:4562: $? = 0
configure:4581: result: yes
configure:4546: checking for wchar.h
configure:4556: gcc -E -D_DEFAULT_SOURCE -D_XOPEN_SOURCE=700 conftest.c
configure:4562: $? = 0
configure:4581: result: yes
configure:4591: checking whether time.h and sys/time.h may both be included
configure:4613: gcc -c -g -O2 -D_DEFAULT_SOURCE -D_XOPEN_SOURCE=700 conftest.c >&5
configure:4616: $? = 0
configure:4619: test -s conftest.o
configure:4622: $? = 0
configure:4632: result: yes
configure:4642: checking for nl_langinfo and CODESET
configure:4660: gcc -o conftest -g -O2 -D_DEFAULT_SOURCE -D_XOPEN_SOURCE=700  conftest.c  >&5
configure:4663: $? = 0
configure:4666: test -s conftest
configure:4669: $? = 0
configure:4680: result: yes
configure:4692: checking for signal global datatype
configure:4727: gcc -c -g -O2 -D_DEFAULT_SOURCE -D_XOPEN_SOURCE=700 conftest.c >&5
configure:4730: $? = 0
configure:4733: test -s conftest.o
configure:4736: $? = 0
configure:4750: result: volatile sig_atomic_t
configure:4757: checking for ANSI C header files
configure:4771: gcc -E -D_DEFAULT_SOURCE -D_XOPEN_SOURCE=700 conftest.c
configure:4777: $? = 0
configure:4864: gcc -o conftest -g -O2 -D_DEFAULT_SOURCE -D_XOPEN_SOURCE=700  conftest.c  >&5
configure:4867: $? = 0
configure:4869: ./conftest
configure:4872: $? = 0
configure:4885: result: yes
configure:4901: checking for sys/types.h
configure:4913: gcc -c -g -O2 -D_DEFAULT_SOURCE -D_XOPEN_SOURCE=700 conftest.c >&5
configure:4916: $? = 0
configure:4919: test -s conftest.o
configure:4922: $? = 0
configure:4932: result: yes
configure:4901: checking for sys/stat.h
configure:4913: gcc -c -g -O2 -D_DEFAULT_SOURCE -D_XOPEN_SOURCE=700 conftest.c >&5
configure:4916: $? = 0
configure:4919: test -s conftest.o
configure:4922: $? = 0
configure:4932: result: yes
configure:4901: checking for stdlib.h
configure:4932: result: yes
configure:4901: checking for string.h
configure:4913: gcc -c -g -O2 -D_DEFAULT_SOURCE -D_XOPEN_SOURCE=700 conftest.c >&5
configure:4916: $? = 0
configure:4919: test -s conftest.o
configure:4922: $? = 0
configure:4932: result: yes
configure:4901: checking for memory.h
configure:4913: gcc -c -g -O2 -D_DEFAULT_SOURCE -D_XOPEN_SOURCE=700 conftest.c >&5
configure:4916: $? = 0
configure:4919: test -s conftest.o
configure:4922: $? = 0
configure:4932: result: yes
configure:4901: checking for strings.h
configure:4913: gcc -c -g -O2 -D_DEFAULT_SOURCE -D_XOPEN_SOURCE=700 conftest.c >&5
configure:4916: $? = 0
configure:4919: test -s conftest.o
configure:4922: $? = 0
configure:4932: result: yes
configure:4901: checking for inttypes.h
configure:4913: gcc -c -g -O2 -D_DEFAULT_SOURCE -D_XOPEN_SOURCE=700 conftest.c >&5
configure:4916: $? = 0
configure:4919: test -s conftest.o
configure:4922: $? = 0
configure:4932: result: yes
configure:4901: checking for stdint.h
configure:4913: gcc -c -g -O2 -D_DEFAULT_SOURCE -D_XOPEN_SOURCE=700 conftest.c >&5
configure:4916: $? = 0
configure:4919: test -s conftest.o
configure:4922: $? = 0
configure:4932: result: yes
configure:4901: checking for unistd.h
configure:4932: result: yes
configure:4942: checking for time_t
configure:4963: gcc -c -g -O2 -D_DEFAULT_SOURCE -D_XOPEN_SOURCE=700 conftest.c >&5
configure:4966: $? = 0
configure:4969: test -s conftest.o
configure:4972: $? = 0
configure:4982: result: yes
configure:4994: checking for cc_t in <termios.h> or <termio.h>
configure:5021: gcc -c -g -O2 -D_DEFAULT_SOURCE -D_XOPEN_SOURCE=700 conftest.c >&5
configure:5024: $? = 0
configure:5027: test -s conftest.o
configure:5030: $? = 0
configure:5042: result: yes
configure:5049: checking for mode_t
configure:5070: gcc -c -g -O2 -D_DEFAULT_SOURCE -D_XOPEN_SOURCE=700 conftest.c >&5
configure:5073: $? = 0
configure:5076: test -s conftest.o
configure:5079: $? = 0
configure:5089: result: yes
configure:5101: checking for pid_t
configure:5122: gcc -c -g -O2 -D_DEFAULT_SOURCE -D_XOPEN_SOURCE=700 conftest.c >&5
configure:5125: $? = 0
configure:5128: test -s conftest.o
configure:5131: $? = 0
configure:5141: result: yes
configure:5153: checking for uid_t in sys/types.h
configure:5173: result: yes
configure:5187: checking for off_t
configure:5208: gcc -c -g -O2 -D_DEFAULT_SOURCE -D_XOPEN_SOURCE=700 conftest.c >&5
configure:5211: $? = 0
configure:5214: test -s conftest.o
configure:5217: $? = 0
configure:5227: result: yes
configure:5259: checking for gethostname
configure:5296: gcc -o conftest -g -O2 -D_DEFAULT_SOURCE -D_XOPEN_SOURCE=700  conftest.c  >&5
configure:5299: $? = 0
configure:5302: test -s conftest
configure:5305: $? = 0
configure:5315: result: yes
configure:5259: checking for getusershell
configure:5296: gcc -o conftest -g -O2 -D_DEFAULT_SOURCE -D_XOPEN_SOURCE=700  conftest.c  >&5
configure:5299: $? = 0
configure:5302: test -s conftest
configure:5305: $? = 0
configure:5315: result: yes
configure:5259: checking for endusershell
configure:5296: gcc -o conftest -g -O2 -D_DEFAULT_SOURCE -D_XOPEN_SOURCE=700  conftest.c  >&5
configure:5299: $? = 0
configure:5302: test -s conftest
configure:5305: $? = 0
configure:5315: result: yes
configure:5259: checking for getlogin
configure:5296: gcc -o conftest -g -O2 -D_DEFAULT_SOURCE -D_XOPEN_SOURCE=700  conftest.c  >&5
configure:5299: $? = 0
configure:5302: test -s conftest
configure:5305: $? = 0
configure:5315: result: yes
configure:5259: checking for initgroups
configure:5296: gcc -o conftest -g -O2 -D_DEFAULT_SOURCE -D_XOPEN_SOURCE=700  conftest.c  >&5
configure:5299: $? = 0
configure:5302: test -s conftest
configure:5305: $? = 0
configure:5315: result: yes
configure:5259: checking for mkdtemp
configure:5296: gcc -o conftest -g -O2 -D_DEFAULT_SOURCE -D_XOPEN_SOURCE=700  conftest.c  >&5
configure:5299: $? = 0
configure:5302: test -s conftest
configure:5305: $? = 0
configure:5315: result: yes
configure:5259: checking for putenv
configure:5296: gcc -o conftest -g -O2 -D_DEFAULT_SOURCE -D_XOPEN_SOURCE=700  conftest.c  >&5
configure:5299: $? = 0
configure:5302: test -s conftest
configure:5305: $? = 0
configure:5315: result: yes
configure:5259: checking for unsetenv
configure:5296: gcc -o conftest -g -O2 -D_DEFAULT_SOURCE -D_XOPEN_SOURCE=700  conftest.c  >&5
configure:5299: $? = 0
configure:5302: test -s conftest
configure:5305: $? = 0
configure:5315: result: yes
configure:5259: checking for sched_yield
configure:5296: gcc -o conftest -g -O2 -D_DEFAULT_SOURCE -D_XOPEN_SOURCE=700  conftest.c  >&5
configure:5299: $? = 0
configure:5302: test -s conftest
configure:5305: $? = 0
configure:5315: result: yes
configure:5259: checking for setpgid
configure:5296: gcc -o conftest -g -O2 -D_DEFAULT_SOURCE -D_XOPEN_SOURCE=700  conftest.c  >&5
configure:5299: $? = 0
configure:5302: test -s conftest
configure:5305: $? = 0
configure:5315: result: yes
configure:5259: checking for strftime
configure:5296: gcc -o conftest -g -O2 -D_DEFAULT_SOURCE -D_XOPEN_SOURCE=700  conftest.c  >&5
configure:5276:6: warning: conflicting types for built-in function 'strftime' [-Wbuiltin-declaration-mismatch]
    builtin and then its argument prototype would still apply.  */
      ^~~~~~~~
configure:5299: $? = 0
configure:5302: test -s conftest
configure:5305: $? = 0
configure:5315: result: yes
configure:5259: checking for tcgetattr
configure:5296: gcc -o conftest -g -O2 -D_DEFAULT_SOURCE -D_XOPEN_SOURCE=700  conftest.c  >&5
configure:5299: $? = 0
configure:5302: test -s conftest
configure:5305: $? = 0
configure:5315: result: yes
configure:5259: checking for waitpid
configure:5296: gcc -o conftest -g -O2 -D_DEFAULT_SOURCE -D_XOPEN_SOURCE=700  conftest.c  >&5
configure:5299: $? = 0
configure:5302: test -s conftest
configure:5305: $? = 0
configure:5315: result: yes
configure:5259: checking for wcswidth
configure:5296: gcc -o conftest -g -O2 -D_DEFAULT_SOURCE -D_XOPEN_SOURCE=700  conftest.c  >&5
configure:5299: $? = 0
configure:5302: test -s conftest
configure:5305: $? = 0
configure:5315: result: yes
configure:5259: checking for wcwidth
configure:5296: gcc -o conftest -g -O2 -D_DEFAULT_SOURCE -D_XOPEN_SOURCE=700  conftest.c  >&5
configure:5299: $? = 0
configure:5302: test -s conftest
configure:5305: $? = 0
configure:5315: result: yes
configure:5328: checking for lastlog.h
configure:5338: gcc -E -D_DEFAULT_SOURCE -D_XOPEN_SOURCE=700 conftest.c
configure:5344: $? = 0
configure:5363: result: yes
configure:5328: checking for paths.h
configure:5338: gcc -E -D_DEFAULT_SOURCE -D_XOPEN_SOURCE=700 conftest.c
configure:5344: $? = 0
configure:5363: result: yes
configure:5373: checking for lastlog path
configure:5400: gcc -c -g -O2 -D_DEFAULT_SOURCE -D_XOPEN_SOURCE=700 conftest.c >&5
configure:5403: $? = 0
configure:5406: test -s conftest.o
configure:5409: $? = 0
configure:5424: result: _PATH_LASTLOG
configure:5431: checking for utmp implementation
configure:5462: gcc -c -g -O2 -D_DEFAULT_SOURCE -D_XOPEN_SOURCE=700 conftest.c >&5
configure:5452:18: error: conflicting types for 'getutxent'
 main (void)
                  ^        
In file included from configure:5451:
/usr/include/utmpx.h:65:22: note: previous declaration of 'getutxent' was here
 extern struct utmpx *getutxent (void);
                      ^~~~~~~~~
configure:5465: $? = 1
configure: failed program was:
#line 5448 "configure"
#include "confdefs.h"

#include <sys/types.h>
#include <utmpx.h>
#define getutent getutxent
#ifdef USE_LASTLOG
#include <lastlog.h>	/* may conflict with utmpx.h on Linux */
#endif

int
main (void)
{
struct utmpx x;
	 char *name = x.ut_name; /* utmp.h and compatible definitions */

  ;
  return 0;
}
configure:5494: gcc -c -g -O2 -D_DEFAULT_SOURCE -D_XOPEN_SOURCE=700 conftest.c >&5
configure:5484:18: error: conflicting types for 'getutxent'
 main (void)
                  ^        
In file included from configure:5483:
/usr/include/utmpx.h:65:22: note: previous declaration of 'getutxent' was here
 extern struct utmpx *getutxent (void);
                      ^~~~~~~~~
configure:5497: $? = 1
configure: failed program was:
#line 5480 "configure"
#include "confdefs.h"

#include <sys/types.h>
#include <utmpx.h>
#define getutent getutxent
#ifdef USE_LASTLOG
#include <lastlog.h>	/* may conflict with utmpx.h on Linux */
#endif

int
main (void)
{
struct utmpx x;
	 char *name = x.ut_user; /* utmpx.h must declare this */

  ;
  return 0;
}
configure:5462: gcc -c -g -O2 -D_DEFAULT_SOURCE -D_XOPEN_SOURCE=700 conftest.c >&5
configure:5465: $? = 0
configure:5468: test -s conftest.o
configure:5471: $? = 0
configure:5518: result: utmp
configure:5533: checking if utmp.ut_host is declared
configure:5554: gcc -c -g -O2 -D_DEFAULT_SOURCE -D_XOPEN_SOURCE=700 conftest.c >&5
configure:5557: $? = 0
configure:5560: test -s conftest.o
configure:5563: $? = 0
configure:5575: result: yes
configure:5585: checking if utmp.ut_syslen is declared
configure:5606: gcc -c -g -O2 -D_DEFAULT_SOURCE -D_XOPEN_SOURCE=700 conftest.c >&5
configure: In function 'main':
configure:5599:26: error: 'struct utmp' has no member named 'ut_syslen'; did you mean 'ut_type'?
 {
                          ^        
                          ut_type
configure:5609: $? = 1
configure: failed program was:
#line 5592 "configure"
#include "confdefs.h"

#include <sys/types.h>
#include <utmp.h>
int
main (void)
{
struct utmp x; int y = x.ut_syslen
  ;
  return 0;
}
configure:5627: result: no
configure:5637: checking if utmp.ut_name is declared
configure:5668: gcc -c -g -O2 -D_DEFAULT_SOURCE -D_XOPEN_SOURCE=700 conftest.c >&5
configure:5671: $? = 0
configure:5674: test -s conftest.o
configure:5677: $? = 0
configure:5689: result: ut_name
configure:5709: checking for exit-status in utmp
configure:5736: gcc -c -g -O2 -D_DEFAULT_SOURCE -D_XOPEN_SOURCE=700 conftest.c >&5
configure: In function 'main':
configure:5729:35: error: 'struct exit_status' has no member named '__e_exit'; did you mean 'e_exit'?
 {
                                   ^       
                                   e_exit
configure:5739: $? = 1
configure: failed program was:
#line 5722 "configure"
#include "confdefs.h"

#include <sys/types.h>
#include <utmp.h>
int
main (void)
{
struct utmp x; long y = x.ut_exit.__e_exit = 0
  ;
  return 0;
}
configure:5736: gcc -c -g -O2 -D_DEFAULT_SOURCE -D_XOPEN_SOURCE=700 conftest.c >&5
configure:5739: $? = 0
configure:5742: test -s conftest.o
configure:5745: $? = 0
configure:5758: result: ut_exit.e_exit
configure:5774: checking if utmp.ut_xtime is declared
configure:5795: gcc -c -g -O2 -D_DEFAULT_SOURCE -D_XOPEN_SOURCE=700 conftest.c >&5
configure:5798: $? = 0
configure:5801: test -s conftest.o
configure:5804: $? = 0
configure:5848: result: yes
configure:5867: checking if utmp.ut_session is declared
configure:5888: gcc -c -g -O2 -D_DEFAULT_SOURCE -D_XOPEN_SOURCE=700 conftest.c >&5
configure:5891: $? = 0
configure:5894: test -s conftest.o
configure:5897: $? = 0
configure:5908: result: yes
configure:5919: checking if utmp is SYSV flavor
configure:5946: gcc -o conftest -g -O2 -D_DEFAULT_SOURCE -D_XOPEN_SOURCE=700  conftest.c  >&5
configure:5949: $? = 0
configure:5952: test -s conftest
configure:5955: $? = 0
configure:5966: result: yes
configure:5978: checking for lastlog.h
configure:6013: result: yes
configure:6023: checking for struct lastlog
configure:6048: gcc -o conftest -g -O2 -D_DEFAULT_SOURCE -D_XOPEN_SOURCE=700  conftest.c  >&5
configure:6051: $? = 0
configure:6053: ./conftest
configure:6056: $? = 1
configure: program exited with status 1
configure: failed program was:
#line 6034 "configure"
#include "confdefs.h"

#include <sys/types.h>
#include <time.h>
#include <lastlog.h>

int main()
{
	struct lastlog data;
	return (sizeof(data.ll_time) != sizeof(time_t));
}
configure:6070: result: no
configure:6083: checking for sys/param.h
configure:6093: gcc -E -D_DEFAULT_SOURCE -D_XOPEN_SOURCE=700 conftest.c
configure:6099: $? = 0
configure:6118: result: yes
configure:6128: checking if POSIX saved-ids are supported
configure:6163: gcc -o conftest -g -O2 -D_DEFAULT_SOURCE -D_XOPEN_SOURCE=700  conftest.c  >&5
configure:6166: $? = 0
configure:6169: test -s conftest
configure:6172: $? = 0
configure:6223: result: yes
configure:6249: checking if we want full tgetent function
configure:6266: result: yes
configure:6275: checking for full tgetent function
configure:6328: gcc -o conftest -g -O2 -D_DEFAULT_SOURCE -D_XOPEN_SOURCE=700  conftest.c  >&5
configure: In function 'main':
configure:6323:2: warning: implicit declaration of function 'tgetent' [-Wimplicit-function-declaration]
  buffer[0] = 0;
  ^~~~~~~
/usr/bin/ld: /tmp/ccSquufo.o: in function `main':
/home/diamond/Scripts/xterm-343/configure:6323: undefined reference to `tgetent'
collect2: error: ld returned 1 exit status
configure:6331: $? = 1
configure: program exited with status 1
configure: failed program was:
#line 6313 "configure"
#include "confdefs.h"

/* terminfo implementations ignore the buffer argument, making it useless for
 * the xterm application, which uses this information to make a new TERMCAP
 * environment variable.
 */
int main()
{
	char buffer[1024];
	buffer[0] = 0;
	tgetent(buffer, "vt100");
	return (buffer[0] == 0); }
no, there is no termcap/tgetent in 
configure:6328: gcc -o conftest -g -O2 -D_DEFAULT_SOURCE -D_XOPEN_SOURCE=700  conftest.c -lotermcap >&5
configure: In function 'main':
configure:6323:2: warning: implicit declaration of function 'tgetent' [-Wimplicit-function-declaration]
  buffer[0] = 0;
  ^~~~~~~
/usr/bin/ld: cannot find -lotermcap
collect2: error: ld returned 1 exit status
configure:6331: $? = 1
configure: program exited with status 1
configure: failed program was:
#line 6313 "configure"
#include "confdefs.h"

/* terminfo implementations ignore the buffer argument, making it useless for
 * the xterm application, which uses this information to make a new TERMCAP
 * environment variable.
 */
int main()
{
	char buffer[1024];
	buffer[0] = 0;
	tgetent(buffer, "vt100");
	return (buffer[0] == 0); }
no, there is no termcap/tgetent in otermcap
configure:6328: gcc -o conftest -g -O2 -D_DEFAULT_SOURCE -D_XOPEN_SOURCE=700  conftest.c -ltermcap >&5
configure: In function 'main':
configure:6323:2: warning: implicit declaration of function 'tgetent' [-Wimplicit-function-declaration]
  buffer[0] = 0;
  ^~~~~~~
/usr/bin/ld: cannot find -ltermcap
collect2: error: ld returned 1 exit status
configure:6331: $? = 1
configure: program exited with status 1
configure: failed program was:
#line 6313 "configure"
#include "confdefs.h"

/* terminfo implementations ignore the buffer argument, making it useless for
 * the xterm application, which uses this information to make a new TERMCAP
 * environment variable.
 */
int main()
{
	char buffer[1024];
	buffer[0] = 0;
	tgetent(buffer, "vt100");
	return (buffer[0] == 0); }
no, there is no termcap/tgetent in termcap
configure:6328: gcc -o conftest -g -O2 -D_DEFAULT_SOURCE -D_XOPEN_SOURCE=700  conftest.c -ltermlib >&5
configure: In function 'main':
configure:6323:2: warning: implicit declaration of function 'tgetent' [-Wimplicit-function-declaration]
  buffer[0] = 0;
  ^~~~~~~
/usr/bin/ld: cannot find -ltermlib
collect2: error: ld returned 1 exit status
configure:6331: $? = 1
configure: program exited with status 1
configure: failed program was:
#line 6313 "configure"
#include "confdefs.h"

/* terminfo implementations ignore the buffer argument, making it useless for
 * the xterm application, which uses this information to make a new TERMCAP
 * environment variable.
 */
int main()
{
	char buffer[1024];
	buffer[0] = 0;
	tgetent(buffer, "vt100");
	return (buffer[0] == 0); }
no, there is no termcap/tgetent in termlib
configure:6328: gcc -o conftest -g -O2 -D_DEFAULT_SOURCE -D_XOPEN_SOURCE=700  conftest.c -lncurses >&5
configure: In function 'main':
configure:6323:2: warning: implicit declaration of function 'tgetent' [-Wimplicit-function-declaration]
  buffer[0] = 0;
  ^~~~~~~
configure:6331: $? = 0
configure:6333: ./conftest
configure:6336: $? = 1
configure: program exited with status 1
configure: failed program was:
#line 6313 "configure"
#include "confdefs.h"

/* terminfo implementations ignore the buffer argument, making it useless for
 * the xterm application, which uses this information to make a new TERMCAP
 * environment variable.
 */
int main()
{
	char buffer[1024];
	buffer[0] = 0;
	tgetent(buffer, "vt100");
	return (buffer[0] == 0); }
no, there is no termcap/tgetent in ncurses
configure:6328: gcc -o conftest -g -O2 -D_DEFAULT_SOURCE -D_XOPEN_SOURCE=700  conftest.c -lcurses >&5
configure: In function 'main':
configure:6323:2: warning: implicit declaration of function 'tgetent' [-Wimplicit-function-declaration]
  buffer[0] = 0;
  ^~~~~~~
configure:6331: $? = 0
configure:6333: ./conftest
configure:6336: $? = 1
configure: program exited with status 1
configure: failed program was:
#line 6313 "configure"
#include "confdefs.h"

/* terminfo implementations ignore the buffer argument, making it useless for
 * the xterm application, which uses this information to make a new TERMCAP
 * environment variable.
 */
int main()
{
	char buffer[1024];
	buffer[0] = 0;
	tgetent(buffer, "vt100");
	return (buffer[0] == 0); }
no, there is no termcap/tgetent in curses
configure:6357: result: no
configure:6482: checking for partial tgetent function
configure:6504: gcc -o conftest -g -O2 -D_DEFAULT_SOURCE -D_XOPEN_SOURCE=700  conftest.c  -lotermcap >&5
configure: In function 'main':
configure:6497:1: warning: implicit declaration of function 'tgetent' [-Wimplicit-function-declaration]
 {
 ^      
/usr/bin/ld: cannot find -lotermcap
collect2: error: ld returned 1 exit status
configure:6507: $? = 1
configure: failed program was:
#line 6492 "configure"
#include "confdefs.h"

int
main (void)
{
tgetent(0, "vt100")
  ;
  return 0;
}
configure:6504: gcc -o conftest -g -O2 -D_DEFAULT_SOURCE -D_XOPEN_SOURCE=700  conftest.c  -ltermcap >&5
configure: In function 'main':
configure:6497:1: warning: implicit declaration of function 'tgetent' [-Wimplicit-function-declaration]
 {
 ^      
/usr/bin/ld: cannot find -ltermcap
collect2: error: ld returned 1 exit status
configure:6507: $? = 1
configure: failed program was:
#line 6492 "configure"
#include "confdefs.h"

int
main (void)
{
tgetent(0, "vt100")
  ;
  return 0;
}
configure:6504: gcc -o conftest -g -O2 -D_DEFAULT_SOURCE -D_XOPEN_SOURCE=700  conftest.c  -ltermlib >&5
configure: In function 'main':
configure:6497:1: warning: implicit declaration of function 'tgetent' [-Wimplicit-function-declaration]
 {
 ^      
/usr/bin/ld: cannot find -ltermlib
collect2: error: ld returned 1 exit status
configure:6507: $? = 1
configure: failed program was:
#line 6492 "configure"
#include "confdefs.h"

int
main (void)
{
tgetent(0, "vt100")
  ;
  return 0;
}
configure:6504: gcc -o conftest -g -O2 -D_DEFAULT_SOURCE -D_XOPEN_SOURCE=700  conftest.c  -lncurses >&5
configure: In function 'main':
configure:6497:1: warning: implicit declaration of function 'tgetent' [-Wimplicit-function-declaration]
 {
 ^      
configure:6507: $? = 0
configure:6510: test -s conftest
configure:6513: $? = 0
there is a terminfo/tgetent in ncurses
configure:6527: result: -lncurses
configure:6551: checking for termcap.h
configure:6561: gcc -E -D_DEFAULT_SOURCE -D_XOPEN_SOURCE=700 conftest.c
configure:6567: $? = 0
configure:6586: result: yes
configure:6606: checking for X applications class
configure:6632: result: XTerm
configure:6635: checking for directory to install resource files
configure:6707: result: ${exec_prefix}/lib/X11/app-defaults
configure:6718: checking for the icon name
configure:6734: result: mini.xterm
configure:6737: checking for icon symlink to use
configure:6756: result: NONE
configure:6772: testing adding icons/filled-xterm to icon-list ...
configure:6772: testing adding icons/mini.xterm to icon-list ...
configure:6779: testing adding icons/mini.xterm_48x48 to icon-list ...
configure:6772: testing adding icons/xterm-color to icon-list ...
configure:6772: testing adding icons/xterm to icon-list ...
configure:6785: checking for directory to install pixmaps
configure:6843: result: ${datadir}/pixmaps
configure:6854: checking for directory to install icons
configure:6912: result: no
configure:6923: checking if icon theme should be used
configure:6941: result: no
configure:6974: checking for icon(s) to install
configure:6980: testing using .svg .png .xpm ...
configure:7055: result: icons/mini.xterm_48x48.png icons/mini.xterm_48x48.xpm
configure:7065: checking for icon name
configure:7067: result: mini.xterm
configure:7071: checking if you want to install desktop files
configure:7088: result: yes
configure:7095: checking for desktop-file-install
configure:7110: found /usr/bin/desktop-file-install
configure:7119: result: yes
configure:7132: checking for requested desktop-category
configure:7142: result: auto
configure:7165: testing inspect /usr/share/applications/org.gnome.Terminal.desktop ...
configure:7165: testing inspect /usr/share/applications/xterm.desktop ...
configure:7165: testing inspect /usr/share/applications/lxterminal.desktop ...
configure:7219: testing will use Categories=System;TerminalEmulator; ...
configure:7223: checking for install-permissions reference
configure:7233: result: xterm
configure:7238: checking for PATH separator
configure:7245: result: :
configure:7253: checking for xterm
configure:7270: found /usr/bin/xterm
configure:7281: result: /usr/bin/xterm
configure:7343: testing defining path for /usr/bin/xterm ...
configure:7364: checking for symbolic link to create to xterm
configure:7374: result: xterm
configure:7383: checking if you want to disable openpty
configure:7400: result: no
configure:7403: checking if you want to disable setuid
configure:7420: result: no
configure:7423: checking if you want to disable setgid
configure:7440: result: no
configure:7443: checking if you want to run xterm setuid to a given user
configure:7453: result: no
configure:7466: checking if you want to run xterm setgid to match utmp/utmpx file
configure:7476: result: no
configure:7549: checking if you want to link with utempter
configure:7559: result: no
configure:7674: checking if external errno is declared
configure:7699: gcc -c -g -O2 -D_DEFAULT_SOURCE -D_XOPEN_SOURCE=700 conftest.c >&5
configure:7702: $? = 0
configure:7705: test -s conftest.o
configure:7708: $? = 0
configure:7719: result: yes
configure:7734: checking if external errno exists
configure:7756: gcc -o conftest -g -O2 -D_DEFAULT_SOURCE -D_XOPEN_SOURCE=700  conftest.c -lncurses >&5
/usr/bin/ld: errno: TLS definition in /usr/lib/libc.so.6 section .tbss mismatches non-TLS reference in /tmp/ccwAHUYR.o
/usr/bin/ld: /usr/lib/libc.so.6: error adding symbols: bad value
collect2: error: ld returned 1 exit status
configure:7759: $? = 1
configure: failed program was:
#line 7741 "configure"
#include "confdefs.h"

#undef errno
extern int errno;

int
main (void)
{
errno = 2
  ;
  return 0;
}
configure:7776: result: no
configure:7789: checking for explicit tty group name
configure:7801: result: auto...
configure:7805: checking for tty group name
configure:7858: result: tty
configure:7878: checking if we may use the tty group
configure:7917: gcc -o conftest -g -O2 -D_DEFAULT_SOURCE -D_XOPEN_SOURCE=700  conftest.c -lncurses >&5
configure:7920: $? = 0
configure:7922: ./conftest
configure:7925: $? = 0
configure:7943: result: yes
configure:7958: checking for sys/wait.h that is POSIX.1 compatible
configure:7986: gcc -c -g -O2 -D_DEFAULT_SOURCE -D_XOPEN_SOURCE=700 conftest.c >&5
configure:7989: $? = 0
configure:7992: test -s conftest.o
configure:7995: $? = 0
configure:8005: result: yes
configure:8015: checking for POSIX wait functions
configure:8045: gcc -o conftest -g -O2 -D_DEFAULT_SOURCE -D_XOPEN_SOURCE=700  conftest.c -lncurses >&5
configure:8048: $? = 0
configure:8051: test -s conftest
configure:8054: $? = 0
configure:8065: result: yes
configure:8072: checking if external sys_nerr is declared
configure:8097: gcc -c -g -O2 -D_DEFAULT_SOURCE -D_XOPEN_SOURCE=700 conftest.c >&5
configure:8100: $? = 0
configure:8103: test -s conftest.o
configure:8106: $? = 0
configure:8117: result: yes
configure:8132: checking if external sys_nerr exists
configure:8154: gcc -o conftest -g -O2 -D_DEFAULT_SOURCE -D_XOPEN_SOURCE=700  conftest.c -lncurses >&5
/usr/bin/ld: /tmp/ccaDc28k.o: in function `main':
/home/diamond/Scripts/xterm-343/configure:8147: warning: `sys_nerr' is deprecated; use `strerror' or `strerror_r' instead
configure:8157: $? = 0
configure:8160: test -s conftest
configure:8163: $? = 0
configure:8174: result: yes
configure:8187: checking if external sys_errlist is declared
configure:8212: gcc -c -g -O2 -D_DEFAULT_SOURCE -D_XOPEN_SOURCE=700 conftest.c >&5
configure: In function 'main':
configure:8205:9: warning: cast from pointer to integer of different size [-Wpointer-to-int-cast]
 {
         ^
configure:8215: $? = 0
configure:8218: test -s conftest.o
configure:8221: $? = 0
configure:8232: result: yes
configure:8247: checking if external sys_errlist exists
configure:8269: gcc -o conftest -g -O2 -D_DEFAULT_SOURCE -D_XOPEN_SOURCE=700  conftest.c -lncurses >&5
/usr/bin/ld: /tmp/cceQ5Ncs.o: in function `main':
/home/diamond/Scripts/xterm-343/configure:8262: warning: `sys_errlist' is deprecated; use `strerror' or `strerror_r' instead
configure:8272: $? = 0
configure:8275: test -s conftest
configure:8278: $? = 0
configure:8289: result: yes
configure:8309: checking for termios.h
configure:8344: result: yes
configure:8309: checking for stdlib.h
configure:8344: result: yes
configure:8309: checking for X11/Intrinsic.h
configure:8319: gcc -E -D_DEFAULT_SOURCE -D_XOPEN_SOURCE=700 conftest.c
configure:8325: $? = 0
configure:8344: result: yes
configure:8354: checking if we should define SYSV
configure:8405: gcc -c -g -O2 -D_DEFAULT_SOURCE -D_XOPEN_SOURCE=700 conftest.c >&5
configure:8380:10: fatal error: sys/termio.h: No such file or directory
 #include <errno.h>  /* declare sys_errlist on older systems */
          ^~~~~~~~~~~~~~
compilation terminated.
configure:8408: $? = 1
configure: failed program was:
#line 8361 "configure"
#include "confdefs.h"

#undef  SYSV
#define SYSV 1			/* get Xos.h to declare sys_errlist[] */
#ifdef HAVE_STDLIB_H
#include <stdlib.h>		/* look for wchar_t */
#endif
#ifdef HAVE_X11_INTRINSIC_H
#include <X11/Intrinsic.h>	/* Intrinsic.h has other traps... */
#endif
#ifdef HAVE_TERMIOS_H		/* needed for HPUX 10.20 */
#include <termios.h>
#define STRUCT_TERMIOS struct termios
#else
#define STRUCT_TERMIOS struct termio
#endif
#include <curses.h>
#include <term.h>		/* eliminate most BSD hacks */
#include <errno.h>		/* declare sys_errlist on older systems */
#include <sys/termio.h>		/* eliminate most of the remaining ones */

int
main (void)
{

static STRUCT_TERMIOS d_tio;
	d_tio.c_cc[VINTR] = 0;
	d_tio.c_cc[VQUIT] = 0;
	d_tio.c_cc[VERASE] = 0;
	d_tio.c_cc[VKILL] = 0;
	d_tio.c_cc[VEOF] = 0;
	d_tio.c_cc[VEOL] = 0;
	d_tio.c_cc[VMIN] = 0;
	d_tio.c_cc[VTIME] = 0;
#if defined(HAVE_SYS_ERRLIST) && !defined(DECL_SYS_ERRLIST)
sys_errlist[0] = "";		/* Cygwin mis-declares this */
#endif

  ;
  return 0;
}
configure:8425: result: no
configure:8432: checking for elf_begin in -lelf
configure:8459: gcc -o conftest -g -O2 -D_DEFAULT_SOURCE -D_XOPEN_SOURCE=700  conftest.c -lelf  -lncurses >&5
configure:8462: $? = 0
configure:8465: test -s conftest
configure:8468: $? = 0
configure:8479: result: yes
configure:8483: checking if this is an SVR4 system
configure:8519: gcc -c -g -O2 -D_DEFAULT_SOURCE -D_XOPEN_SOURCE=700 conftest.c >&5
configure:8496:10: fatal error: sys/termio.h: No such file or directory
 #include <elf.h>
          ^~~~~~~       
compilation terminated.
configure:8522: $? = 1
configure: failed program was:
#line 8490 "configure"
#include "confdefs.h"

#if defined(__CYGWIN__)
make an error
#endif
#include <elf.h>
#include <sys/termio.h>

int
main (void)
{

static struct termio d_tio;
	d_tio.c_cc[VINTR] = 0;
	d_tio.c_cc[VQUIT] = 0;
	d_tio.c_cc[VERASE] = 0;
	d_tio.c_cc[VKILL] = 0;
	d_tio.c_cc[VEOF] = 0;
	d_tio.c_cc[VEOL] = 0;
	d_tio.c_cc[VMIN] = 0;
	d_tio.c_cc[VTIME] = 0;
	d_tio.c_cc[VLNEXT] = 0;

  ;
  return 0;
}
configure:8539: result: no
configure:8549: checking for X
configure:8650: gcc -E -D_DEFAULT_SOURCE -D_XOPEN_SOURCE=700 conftest.c
configure:8656: $? = 0
configure:8701: gcc -o conftest -g -O2 -D_DEFAULT_SOURCE -D_XOPEN_SOURCE=700  conftest.c -lXt -lncurses >&5
configure:8704: $? = 0
configure:8707: test -s conftest
configure:8710: $? = 0
configure:8758: result: libraries , headers 
configure:8897: gcc -o conftest -g -O2 -D_DEFAULT_SOURCE -D_XOPEN_SOURCE=700  conftest.c -lncurses  -lX11 >&5
configure:8900: $? = 0
configure:8903: test -s conftest
configure:8906: $? = 0
configure:9032: checking for gethostbyname
configure:9069: gcc -o conftest -g -O2 -D_DEFAULT_SOURCE -D_XOPEN_SOURCE=700  conftest.c -lncurses >&5
configure:9072: $? = 0
configure:9075: test -s conftest
configure:9078: $? = 0
configure:9088: result: yes
configure:9209: checking for connect
configure:9246: gcc -o conftest -g -O2 -D_DEFAULT_SOURCE -D_XOPEN_SOURCE=700  conftest.c -lncurses >&5
configure:9249: $? = 0
configure:9252: test -s conftest
configure:9255: $? = 0
configure:9265: result: yes
configure:9325: checking for remove
configure:9362: gcc -o conftest -g -O2 -D_DEFAULT_SOURCE -D_XOPEN_SOURCE=700  conftest.c -lncurses >&5
configure:9365: $? = 0
configure:9368: test -s conftest
configure:9371: $? = 0
configure:9381: result: yes
configure:9441: checking for shmat
configure:9478: gcc -o conftest -g -O2 -D_DEFAULT_SOURCE -D_XOPEN_SOURCE=700  conftest.c -lncurses >&5
configure:9481: $? = 0
configure:9484: test -s conftest
configure:9487: $? = 0
configure:9497: result: yes
configure:9566: checking for IceConnectionNumber in -lICE
configure:9593: gcc -o conftest -g -O2 -D_DEFAULT_SOURCE -D_XOPEN_SOURCE=700  conftest.c -lICE  -lncurses >&5
configure:9596: $? = 0
configure:9599: test -s conftest
configure:9602: $? = 0
configure:9613: result: yes
configure:9623: checking if you want to use pkg-config
configure:9633: result: yes
configure:9685: checking for pkg-config
configure:9702: found /usr/bin/pkg-config
configure:9714: result: /usr/bin/pkg-config
configure:10335: testing found package xt ...
configure:10341: testing package xt CFLAGS:  ...
configure:10345: testing package xt LIBS: -lXt -lX11  ...
configure:10670: checking for usable X Toolkit package
configure:10692: gcc -o conftest -g -O2 -D_DEFAULT_SOURCE -D_XOPEN_SOURCE=700  conftest.c -lXt -lX11  -lncurses >&5
/usr/bin/ld: /tmp/cch4EO26.o: undefined reference to symbol 'IceConnectionNumber'
/usr/bin/ld: /usr/lib/libICE.so.6: error adding symbols: DSO missing from command line
collect2: error: ld returned 1 exit status
configure:10695: $? = 1
configure: failed program was:
#line 10677 "configure"
#include "confdefs.h"

#include <X11/Shell.h>

int
main (void)
{
int num = IceConnectionNumber(0)

  ;
  return 0;
}
configure:10711: result: no
configure:10725: testing work around broken ICE dependency ...
configure:10730: testing found package ice ...
configure:10736: testing package ice CFLAGS:  ...
configure:10740: testing package ice LIBS: -lICE  ...
configure:10859: testing found package sm ...
configure:10865: testing package sm CFLAGS:  ...
configure:10869: testing package sm LIBS: -lSM  ...
configure:11457: checking for X11/DECkeysym.h
configure:11467: gcc -E -D_DEFAULT_SOURCE -D_XOPEN_SOURCE=700 conftest.c
configure:11473: $? = 0
configure:11492: result: yes
configure:11457: checking for X11/Sunkeysym.h
configure:11467: gcc -E -D_DEFAULT_SOURCE -D_XOPEN_SOURCE=700 conftest.c
configure:11473: $? = 0
configure:11492: result: yes
configure:11457: checking for X11/XF86keysym.h
configure:11467: gcc -E -D_DEFAULT_SOURCE -D_XOPEN_SOURCE=700 conftest.c
configure:11473: $? = 0
configure:11492: result: yes
configure:11457: checking for X11/XKBlib.h
configure:11467: gcc -E -D_DEFAULT_SOURCE -D_XOPEN_SOURCE=700 conftest.c
configure:11473: $? = 0
configure:11492: result: yes
configure:11457: checking for X11/TranslateI.h
configure:11467: gcc -E -D_DEFAULT_SOURCE -D_XOPEN_SOURCE=700 conftest.c
configure:11473: $? = 0
configure:11492: result: yes
configure:11457: checking for X11/Xpoll.h
configure:11467: gcc -E -D_DEFAULT_SOURCE -D_XOPEN_SOURCE=700 conftest.c
configure:11473: $? = 0
configure:11492: result: yes
configure:11457: checking for X11/extensions/XKB.h
configure:11467: gcc -E -D_DEFAULT_SOURCE -D_XOPEN_SOURCE=700 conftest.c
configure:11473: $? = 0
configure:11492: result: yes
configure:11507: checking if you want to use the Xpm library for colored icon
configure:11517: result: yes
configure:11525: checking for X11/xpm.h
configure:11535: gcc -E -D_DEFAULT_SOURCE -D_XOPEN_SOURCE=700 conftest.c
configure:11541: $? = 0
configure:11560: result: yes
configure:11564: checking for XpmCreatePixmapFromData in -lXpm
configure:11591: gcc -o conftest -g -O2 -D_DEFAULT_SOURCE -D_XOPEN_SOURCE=700  conftest.c -lXpm -lX11  -lSM  -lICE -lXt -lX11 -lncurses >&5
configure:11594: $? = 0
configure:11597: test -s conftest
configure:11600: $? = 0
configure:11611: result: yes
configure:11631: checking if you want to use the Xinerama extension
configure:11641: result: yes
configure:11648: testing found package xinerama ...
configure:11654: testing package xinerama CFLAGS:  ...
configure:11658: testing package xinerama LIBS: -lXinerama  ...
configure:11907: checking if you want to link with Xaw 3d library
configure:11921: result: no
configure:11925: checking if you want to link with Xaw 3d xft library
configure:11939: result: no
configure:11943: checking if you want to link with neXT Athena library
configure:11957: result: no
configure:11961: checking if you want to link with Athena-Plus library
configure:11975: result: no
configure:11995: testing found package xaw7 ...
configure:12001: testing package xaw7 CFLAGS:  ...
configure:12005: testing package xaw7 LIBS: -lXaw7 -lXt -lX11  ...
configure:12142: checking for usable Xaw/Xmu package
configure:12165: gcc -o conftest -g -O2 -D_DEFAULT_SOURCE -D_XOPEN_SOURCE=700  conftest.c -lXaw7 -lXt -lX11  -lXinerama -lXpm -lSM -lICE -lncurses >&5
/usr/bin/ld: /tmp/ccz3YMTC.o: undefined reference to symbol 'XmuCompareISOLatin1'
/usr/bin/ld: /usr/lib/libXmu.so.6: error adding symbols: DSO missing from command line
collect2: error: ld returned 1 exit status
configure:12168: $? = 1
configure: failed program was:
#line 12149 "configure"
#include "confdefs.h"

#include <X11/Xmu/CharSet.h>

int
main (void)
{

int check = XmuCompareISOLatin1("big", "small")

  ;
  return 0;
}
configure:12184: result: no
configure:12196: testing work around broken package ...
configure:12204: testing found package xmu ...
configure:12210: testing package xmu CFLAGS:  ...
configure:12214: testing package xmu LIBS: -lXmu -lXt -lX11  ...
configure:12334: testing ...before -lXaw7 -lXt -lX11  -lXinerama -lXpm -lSM -lICE -lncurses ...
configure:12339: testing ...after  -lXaw7 -lXmu -lXt -lX11 -lXt -lX11 -lXinerama -lXpm -lSM -lICE -lncurses ...
configure:12363: testing ..trimmed -lXaw7 -lXmu -lX11 -lXt -lX11 -lXinerama -lXpm -lSM -lICE -lncurses ...
configure:12363: testing ..trimmed -lXaw7 -lXmu -lXt -lX11 -lXinerama -lXpm -lSM -lICE -lncurses ...
configure:14471: checking for X11/Xpoll.h
configure:14506: result: yes
configure:14516: checking for declaration of fd_set
configure:14522: testing sys/types alone ...
configure:14538: gcc -c -g -O2 -D_DEFAULT_SOURCE -D_XOPEN_SOURCE=700 conftest.c >&5
configure:14541: $? = 0
configure:14544: test -s conftest.o
configure:14547: $? = 0
configure:14628: result: sys/types.h
configure:14638: checking for declaration of fd_mask
configure:14717: result: sys/types.h
configure:14727: checking for IRIX 6.5 baud-rate redefinitions
configure:14752: gcc -c -g -O2 -D_DEFAULT_SOURCE -D_XOPEN_SOURCE=700 conftest.c >&5
configure:14737:10: fatal error: sys/termio.h: No such file or directory
 #include <sys/types.h>
          ^~~~~~~~~~~~~ 
compilation terminated.
configure:14755: $? = 1
configure: failed program was:
#line 14734 "configure"
#include "confdefs.h"

#include <sys/types.h>
#include <sys/termio.h>
int
main (void)
{

struct termio foo;
foo.c_ispeed = B38400;
foo.c_ospeed = B9600;

  ;
  return 0;
}
configure:14773: result: no
configure:14781: checking for XcursorGetTheme in -lXcursor
configure:14808: gcc -o conftest -g -O2 -D_DEFAULT_SOURCE -D_XOPEN_SOURCE=700  conftest.c -lXcursor  -lXaw7 -lXmu -lXt -lX11 -lXinerama -lXpm -lSM -lICE -lncurses >&5
configure:14811: $? = 0
configure:14814: test -s conftest
configure:14817: $? = 0
configure:14828: result: yes
configure:14844: checking for stropts.h
configure:14854: gcc -E -D_DEFAULT_SOURCE -D_XOPEN_SOURCE=700 conftest.c
configure:14860: $? = 0
configure:14879: result: yes
configure:14909: checking for grantpt
configure:14946: gcc -o conftest -g -O2 -D_DEFAULT_SOURCE -D_XOPEN_SOURCE=700  conftest.c -lXaw7 -lXmu -lXt -lX11 -lXinerama -lXpm -lSM -lICE -lncurses  >&5
configure:14949: $? = 0
configure:14952: test -s conftest
configure:14955: $? = 0
configure:14965: result: yes
configure:14909: checking for ptsname
configure:14946: gcc -o conftest -g -O2 -D_DEFAULT_SOURCE -D_XOPEN_SOURCE=700  conftest.c -lXaw7 -lXmu -lXt -lX11 -lXinerama -lXpm -lSM -lICE -lncurses  >&5
configure:14949: $? = 0
configure:14952: test -s conftest
configure:14955: $? = 0
configure:14965: result: yes
configure:14909: checking for posix_openpt
configure:14946: gcc -o conftest -g -O2 -D_DEFAULT_SOURCE -D_XOPEN_SOURCE=700  conftest.c -lXaw7 -lXmu -lXt -lX11 -lXinerama -lXpm -lSM -lICE -lncurses  >&5
configure:14949: $? = 0
configure:14952: test -s conftest
configure:14955: $? = 0
configure:14965: result: yes
configure:14977: checking if grantpt really works
configure:15078: gcc -o conftest -g -O2 -D_DEFAULT_SOURCE -D_XOPEN_SOURCE=700  conftest.c -lXaw7 -lXmu -lXt -lX11 -lXinerama -lXpm -lSM -lICE -lncurses  >&5
configure: In function 'failed':
configure:15000:2: warning: implicit declaration of function 'perror'; did you mean 'errno'? [-Wimplicit-function-declaration]
 {
  ^     
  errno
configure:15081: $? = 0
configure:15084: test -s conftest
configure:15087: $? = 0
configure:15190: gcc -o conftest -g -O2 -D_DEFAULT_SOURCE -D_XOPEN_SOURCE=700  conftest.c -lXaw7 -lXmu -lXt -lX11 -lXinerama -lXpm -lSM -lICE -lncurses  >&5
configure: In function 'failed':
configure:15114:2: warning: implicit declaration of function 'perror'; did you mean 'errno'? [-Wimplicit-function-declaration]
 {
  ^     
  errno
configure:15193: $? = 0
configure:15195: ./conftest
configure:15198: $? = 0
configure:15217: result: yes
configure:15223: checking for pty features
configure:15239: testing pty feature test 1:5 ...
configure:15345: gcc -o conftest -g -O2 -D_DEFAULT_SOURCE -D_XOPEN_SOURCE=700  conftest.c -lXaw7 -lXmu -lXt -lX11 -lXinerama -lXpm -lSM -lICE -lncurses  >&5
configure: In function 'failed':
configure:15269:2: warning: implicit declaration of function 'perror'; did you mean 'errno'? [-Wimplicit-function-declaration]
 {
  ^     
  errno
configure:15348: $? = 0
configure:15350: ./conftest
conftest: Inappropriate ioctl for device
configure:15353: $? = 10
configure: program exited with status 10
configure: failed program was:
#line 15247 "configure"
#include "confdefs.h"
#define CONFTEST 0


#include <stdlib.h>
#include <termios.h>
#include <unistd.h>
#include <signal.h>
#include <fcntl.h>
#include <errno.h>

#ifndef HAVE_POSIX_OPENPT
#undef posix_openpt
#define posix_openpt(mode) open("/dev/ptmx", mode)
#endif

#ifdef HAVE_STROPTS_H
#include <stropts.h>
#endif

static void failed(int code)
{
	perror("conftest");
	exit(code);
}

static void my_timeout(int sig)
{
	exit(99);
}

int main(void)
{

	int code = 0;
	int rc;
	int pty;
	int tty;
	char *slave;
	struct termios tio;

	signal(SIGALRM, my_timeout);

	if (alarm(2) == 9)
		failed(9);
	else if ((pty = posix_openpt(O_RDWR)) < 0)
		failed(1);
	else if ((rc = grantpt(pty)) < 0)
		failed(2);
	else if ((rc = unlockpt(pty)) < 0)
		failed(3);
	else if ((slave = ptsname(pty)) == 0)
		failed(4);
#if (CONFTEST == 3) || defined(CONFTEST_isatty)
	else if (!isatty(pty))
		failed(4);
#endif
#if CONFTEST >= 4
    else if ((rc = tcgetattr(pty, &tio)) < 0)
		failed(20);
    else if ((rc = tcsetattr(pty, TCSAFLUSH, &tio)) < 0)
		failed(21);
#endif
	/* BSD posix_openpt does not treat pty as a terminal until slave is opened.
	 * Linux does treat it that way.
	 */
	else if ((tty = open(slave, O_RDWR)) < 0)
		failed(5);
#ifdef CONFTEST
#ifdef I_PUSH
#if (CONFTEST == 0) || defined(CONFTEST_ptem)
    else if ((rc = ioctl(tty, I_PUSH, "ptem")) < 0)
		failed(10);
#endif
#if (CONFTEST == 1) || defined(CONFTEST_ldterm)
    else if ((rc = ioctl(tty, I_PUSH, "ldterm")) < 0)
		failed(11);
#endif
#if (CONFTEST == 2) || defined(CONFTEST_ttcompat)
    else if ((rc = ioctl(tty, I_PUSH, "ttcompat")) < 0)
		failed(12);
#endif
#endif /* I_PUSH */
#if CONFTEST >= 5
    else if ((rc = tcgetattr(tty, &tio)) < 0)
		failed(30);
    else if ((rc = tcsetattr(tty, TCSAFLUSH, &tio)) < 0)
		failed(31);
#endif
#endif /* CONFTEST */

	return(code);

}

configure:15385: testing skipping remaining streams features 0..2 ...
configure:15239: testing pty feature test 4:5 ...
configure:15345: gcc -o conftest -g -O2 -D_DEFAULT_SOURCE -D_XOPEN_SOURCE=700  conftest.c -lXaw7 -lXmu -lXt -lX11 -lXinerama -lXpm -lSM -lICE -lncurses  >&5
configure: In function 'failed':
configure:15269:2: warning: implicit declaration of function 'perror'; did you mean 'errno'? [-Wimplicit-function-declaration]
 {
  ^     
  errno
configure:15348: $? = 0
configure:15350: ./conftest
configure:15353: $? = 0
configure:15239: testing pty feature test 5:5 ...
configure:15345: gcc -o conftest -g -O2 -D_DEFAULT_SOURCE -D_XOPEN_SOURCE=700  conftest.c -lXaw7 -lXmu -lXt -lX11 -lXinerama -lXpm -lSM -lICE -lncurses  >&5
configure: In function 'failed':
configure:15271:2: warning: implicit declaration of function 'perror'; did you mean 'errno'? [-Wimplicit-function-declaration]
  exit(code);
  ^~~~~~
  errno
configure:15348: $? = 0
configure:15350: ./conftest
configure:15353: $? = 0
configure:15239: testing pty feature test 6:5 ...
configure:15345: gcc -o conftest -g -O2 -D_DEFAULT_SOURCE -D_XOPEN_SOURCE=700  conftest.c -lXaw7 -lXmu -lXt -lX11 -lXinerama -lXpm -lSM -lICE -lncurses  >&5
configure: In function 'failed':
configure:15273:2: warning: implicit declaration of function 'perror'; did you mean 'errno'? [-Wimplicit-function-declaration]
 
  ^     
  errno
configure:15348: $? = 0
configure:15350: ./conftest
configure:15353: $? = 0
configure:15404: result:  pty_isatty pty_tcsetattr tty_tcsetattr
configure:15417: checking for openpty in -lutil
configure:15444: gcc -o conftest -g -O2 -D_DEFAULT_SOURCE -D_XOPEN_SOURCE=700  conftest.c -lutil  -lXaw7 -lXmu -lXt -lX11 -lXinerama -lXpm -lSM -lICE -lncurses  >&5
configure:15447: $? = 0
configure:15450: test -s conftest
configure:15453: $? = 0
configure:15464: result: yes
configure:15487: checking for util.h
configure:15497: gcc -E -D_DEFAULT_SOURCE -D_XOPEN_SOURCE=700 conftest.c
configure:15494:10: fatal error: util.h: No such file or directory
 #include "confdefs.h"
          ^~~~~~~~
compilation terminated.
configure:15503: $? = 1
configure: failed program was:
#line 15493 "configure"
#include "confdefs.h"
#include <util.h>
configure:15522: result: no
configure:15487: checking for libutil.h
configure:15497: gcc -E -D_DEFAULT_SOURCE -D_XOPEN_SOURCE=700 conftest.c
configure:15494:10: fatal error: libutil.h: No such file or directory
 #include "confdefs.h"
          ^~~~~~~~~~~
compilation terminated.
configure:15503: $? = 1
configure: failed program was:
#line 15493 "configure"
#include "confdefs.h"
#include <libutil.h>
configure:15522: result: no
configure:15487: checking for pty.h
configure:15497: gcc -E -D_DEFAULT_SOURCE -D_XOPEN_SOURCE=700 conftest.c
configure:15503: $? = 0
configure:15522: result: yes
configure:15565: testing will rely upon openpty ...
configure:15569: checking if we can use XkbQueryExtension
configure:15605: gcc -c -g -O2 -D_DEFAULT_SOURCE -D_XOPEN_SOURCE=700 conftest.c >&5
configure:15608: $? = 0
configure:15611: test -s conftest.o
configure:15614: $? = 0
configure:15629: result: yes
configure:15638: checking for XkbQueryExtension
configure:15675: gcc -o conftest -g -O2 -D_DEFAULT_SOURCE -D_XOPEN_SOURCE=700  conftest.c -lutil -lXaw7 -lXmu -lXt -lX11 -lXinerama -lXpm -lSM -lICE -lncurses  >&5
configure:15678: $? = 0
configure:15681: test -s conftest
configure:15684: $? = 0
configure:15694: result: yes
configure:15706: checking if we can use XkbKeycodeToKeysym
configure:15730: gcc -c -g -O2 -D_DEFAULT_SOURCE -D_XOPEN_SOURCE=700 conftest.c >&5
configure:15733: $? = 0
configure:15736: test -s conftest.o
configure:15739: $? = 0
configure:15754: result: yes
configure:15763: checking for XkbKeycodeToKeysym
configure:15800: gcc -o conftest -g -O2 -D_DEFAULT_SOURCE -D_XOPEN_SOURCE=700  conftest.c -lutil -lXaw7 -lXmu -lXt -lX11 -lXinerama -lXpm -lSM -lICE -lncurses  >&5
configure:15803: $? = 0
configure:15806: test -s conftest
configure:15809: $? = 0
configure:15819: result: yes
configure:15831: checking for XKB Bell extension
configure:15858: gcc -o conftest -g -O2 -D_DEFAULT_SOURCE -D_XOPEN_SOURCE=700  conftest.c -lutil -lXaw7 -lXmu -lXt -lX11 -lXinerama -lXpm -lSM -lICE -lncurses  >&5
configure: In function 'main':
configure:15850:24: warning: passing argument 2 of 'XkbBell' makes integer from pointer without a cast [-Wint-conversion]
  Atom y;
                        ^        
In file included from configure:15841:
/usr/include/X11/XKBlib.h:457:2: note: expected 'Window' {aka 'long unsigned int'} but argument is of type 'struct _WidgetRec *'
  Window   /* win */,
  ^~~~~~
configure:15861: $? = 0
configure:15864: test -s conftest
configure:15867: $? = 0
configure:15878: result: yes
configure:15888: checking for Xutf8LookupString
configure:15925: gcc -o conftest -g -O2 -D_DEFAULT_SOURCE -D_XOPEN_SOURCE=700  conftest.c -lutil -lXaw7 -lXmu -lXt -lX11 -lXinerama -lXpm -lSM -lICE -lncurses  >&5
configure:15928: $? = 0
configure:15931: test -s conftest
configure:15934: $? = 0
configure:15944: result: yes
configure:15960: checking if you want narrow prototypes for X libraries
configure:15986: result: yes
configure:15989: checking if we should use imake to help
configure:16006: result: yes
configure:16015: checking for xmkmf
configure:16046: result: no
configure:16015: checking for imake
configure:16046: result: no
configure:16201: testing IMAKE_CFLAGS  ...
configure:16205: testing IMAKE_LOADFLAGS  ...
configure:16314: testing make fallback definitions ...
configure:16461: checking for groff
configure:16478: found /usr/bin/groff
configure:16490: result: /usr/bin/groff
configure:16501: checking for nroff
configure:16518: found /usr/bin/nroff
configure:16529: result: /usr/bin/nroff
configure:16542: checking for tbl
configure:16559: found /usr/bin/tbl
configure:16571: result: /usr/bin/tbl
configure:16594: checking for man2html
configure:16623: result: no
configure:16650: checking for program to convert manpage to html
configure:16709: result: /usr/bin/groff
configure:16878: checking for default terminal-id
configure:16888: result: vt420
configure:16899: checking for default terminal-type
configure:16909: result: xterm
configure:16917: checking if backarrow-key should be BS
configure:16935: result: yes
configure:16956: checking if backarrow-key should be treated as erase
configure:16974: result: no
configure:16995: checking for default backspace/DEL setting
configure:17006: result: maybe
configure:17027: checking for default pty initial erase setting
configure:17038: result: False
configure:17059: checking if alt should send ESC
configure:17077: result: no
configure:17098: checking if meta should send ESC
configure:17116: result: no
configure:17140: checking for tic
configure:17155: found /usr/bin/tic
configure:17164: result: yes
configure:17183: checking for private terminfo-directory
configure:17193: result: none
configure:17248: checking if you want active-icons
configure:17265: result: yes
configure:17275: checking if you want ANSI color
configure:17292: result: yes
configure:17301: checking if you want 16 colors like aixterm
configure:17318: result: yes
configure:17325: checking if you want 256 colors
configure:17342: result: yes
configure:17354: checking if you want direct-color support
configure:17371: result: yes
configure:17416: checking if you want blinking cursor
configure:17433: result: yes
configure:17440: checking if you want to ignore Linux's broken palette-strings
configure:17464: result: yes
configure:17480: checking if you want to allow broken string-terminators
configure:17497: result: yes
configure:17504: checking if you want to compile-in icon data
configure:17521: result: no
configure:17528: checking if you want printable 128-159
configure:17545: result: yes
configure:17554: checking if you want bold colors mapped like IBM PC
configure:17571: result: yes
configure:17578: checking if you want separate color-classes
configure:17595: result: yes
configure:17602: checking if you want color-mode enabled by default
configure:17619: result: yes
configure:17628: checking if you want support for color highlighting
configure:17645: result: yes
configure:17652: checking if you want support for doublesize characters
configure:17669: result: yes
configure:17676: checking if you want fallback-support for box characters
configure:17693: result: yes
configure:17700: checking if you want to allow spawning new xterms
configure:17717: result: no
configure:17759: checking if you want to use double-buffering
configure:17776: result: no
configure:17998: checking if you want to use FreeType library
configure:18015: result: yes
configure:18025: checking for FreeType configuration script
configure:18037: result: auto
configure:18217: checking for FreeType config
configure:18219: result: /usr/bin/pkg-config xft
configure:18223: checking for /usr/bin/pkg-config cflags
configure:18226: result: -I/usr/include/freetype2 -I/usr/include/libpng16 -I/usr/include/harfbuzz -I/usr/include/glib-2.0 -I/usr/lib/glib-2.0/include -I/usr/include/uuid 
configure:18231: checking for /usr/bin/pkg-config libs
configure:18234: result:  -lXft 
configure:18247: checking if we can link with FreeType libraries
configure:18288: gcc -o conftest -g -O2 -D_DEFAULT_SOURCE -D_XOPEN_SOURCE=700 -DNARROWPROTO=1 -DFUNCPROTO=15 -DOSMAJORVERSION=4 -DOSMINORVERSION=18 -I/usr/include/freetype2 -I/usr/include/libpng16 -I/usr/include/harfbuzz -I/usr/include/glib-2.0 -I/usr/lib/glib-2.0/include -I/usr/include/uuid   conftest.c  -lXft  -lutil -lXaw7 -lXmu -lXt -lX11 -lXinerama -lXpm -lSM -lICE -lncurses >&5
configure:18291: $? = 0
configure:18294: test -s conftest
configure:18297: $? = 0
configure:18306: result: yes
configure:18439: checking for XftDrawCharSpec
configure:18476: gcc -o conftest -g -O2 -D_DEFAULT_SOURCE -D_XOPEN_SOURCE=700 -DNARROWPROTO=1 -DFUNCPROTO=15 -DOSMAJORVERSION=4 -DOSMINORVERSION=18 -I/usr/include/freetype2 -I/usr/include/libpng16 -I/usr/include/harfbuzz -I/usr/include/glib-2.0 -I/usr/lib/glib-2.0/include -I/usr/include/uuid  conftest.c  -lXft  -lutil -lXaw7 -lXmu -lXt -lX11 -lXinerama -lXpm -lSM -lICE -lncurses >&5
configure:18479: $? = 0
configure:18482: test -s conftest
configure:18485: $? = 0
configure:18495: result: yes
configure:18439: checking for XftDrawSetClip
configure:18476: gcc -o conftest -g -O2 -D_DEFAULT_SOURCE -D_XOPEN_SOURCE=700 -DNARROWPROTO=1 -DFUNCPROTO=15 -DOSMAJORVERSION=4 -DOSMINORVERSION=18 -I/usr/include/freetype2 -I/usr/include/libpng16 -I/usr/include/harfbuzz -I/usr/include/glib-2.0 -I/usr/lib/glib-2.0/include -I/usr/include/uuid  conftest.c  -lXft  -lutil -lXaw7 -lXmu -lXt -lX11 -lXinerama -lXpm -lSM -lICE -lncurses >&5
configure:18479: $? = 0
configure:18482: test -s conftest
configure:18485: $? = 0
configure:18495: result: yes
configure:18439: checking for XftDrawSetClipRectangles
configure:18476: gcc -o conftest -g -O2 -D_DEFAULT_SOURCE -D_XOPEN_SOURCE=700 -DNARROWPROTO=1 -DFUNCPROTO=15 -DOSMAJORVERSION=4 -DOSMINORVERSION=18 -I/usr/include/freetype2 -I/usr/include/libpng16 -I/usr/include/harfbuzz -I/usr/include/glib-2.0 -I/usr/lib/glib-2.0/include -I/usr/include/uuid  conftest.c  -lXft  -lutil -lXaw7 -lXmu -lXt -lX11 -lXinerama -lXpm -lSM -lICE -lncurses >&5
configure:18479: $? = 0
configure:18482: test -s conftest
configure:18485: $? = 0
configure:18495: result: yes
configure:18514: checking for usable Xft/fontconfig package
configure:18540: gcc -o conftest -g -O2 -D_DEFAULT_SOURCE -D_XOPEN_SOURCE=700 -DNARROWPROTO=1 -DFUNCPROTO=15 -DOSMAJORVERSION=4 -DOSMINORVERSION=18 -I/usr/include/freetype2 -I/usr/include/libpng16 -I/usr/include/harfbuzz -I/usr/include/glib-2.0 -I/usr/lib/glib-2.0/include -I/usr/include/uuid  conftest.c  -lXft  -lutil -lXaw7 -lXmu -lXt -lX11 -lXinerama -lXpm -lSM -lICE -lncurses >&5
/usr/bin/ld: /tmp/cchmdP6G.o: undefined reference to symbol 'FcPatternBuild'
/usr/bin/ld: /usr/lib/libfontconfig.so.1: error adding symbols: DSO missing from command line
collect2: error: ld returned 1 exit status
configure:18543: $? = 1
configure: failed program was:
#line 18521 "configure"
#include "confdefs.h"

#include <X11/Xft/Xft.h>

int
main (void)
{

	XftPattern *pat;
	XftPatternBuild(pat,
					XFT_FAMILY, XftTypeString, "mono",
					(void *) 0);

  ;
  return 0;
}
configure:18560: result: no
configure:18572: testing work around broken package ...
configure:18579: testing found package fontconfig ...
configure:18585: testing package fontconfig CFLAGS: -I/usr/include/freetype2 -I/usr/include/libpng16 -I/usr/include/harfbuzz -I/usr/include/glib-2.0 -I/usr/lib/glib-2.0/include -I/usr/include/uuid  ...
configure:18589: testing package fontconfig LIBS: -lfontconfig -lfreetype  ...
configure:18807: testing ...before  -lXft  -lutil -lXaw7 -lXmu -lXt -lX11 -lXinerama -lXpm -lSM -lICE -lncurses ...
configure:18812: testing ...after   -lXft -lfontconfig -lfreetype -lutil -lXaw7 -lXmu -lXt -lX11 -lXinerama -lXpm -lSM -lICE -lncurses ...
configure:18838: checking if you want support for HP-style function keys
configure:18855: result: no
configure:18865: checking if you want support for SCO-style function keys
configure:18882: result: no
configure:18892: checking if you want support for Sun-style function keys
configure:18909: result: yes
configure:18919: checking if you want saved-lines stored as a FIFO
configure:18936: result: yes
configure:18946: checking if you want support for internationalization
configure:18963: result: yes
configure:18973: checking if you want support for initial-erase setup
configure:18990: result: yes
configure:19000: checking if you want support for input-method
configure:19017: result: yes
configure:19020: checking if X libraries support input-method
configure:19059: gcc -o conftest -g -O2 -D_DEFAULT_SOURCE -D_XOPEN_SOURCE=700 -DNARROWPROTO=1 -DFUNCPROTO=15 -DOSMAJORVERSION=4 -DOSMINORVERSION=18 -I/usr/include/freetype2 -I/usr/include/libpng16 -I/usr/include/harfbuzz -I/usr/include/glib-2.0 -I/usr/lib/glib-2.0/include -I/usr/include/uuid -I/usr/include/freetype2 -I/usr/include/libpng16 -I/usr/include/harfbuzz -I/usr/include/glib-2.0 -I/usr/lib/glib-2.0/include -I/usr/include/freetype2 -I/usr/include/libpng16 -I/usr/include/harfbuzz -I/usr/include/glib-2.0 -I/usr/include/uuid  conftest.c  -lXft -lfontconfig -lfreetype -lutil -lXaw7 -lXmu -lXt -lX11 -lXinerama -lXpm -lSM -lICE -lncurses >&5
configure:19062: $? = 0
configure:19065: test -s conftest
configure:19068: $? = 0
configure:19078: result: yes
configure:19097: checking if you want support for load-vt-fonts
configure:19114: result: no
configure:19124: checking if you want support for logging
configure:19141: result: no
configure:19177: checking if you want support for iconify/maximize translations
configure:19194: result: yes
configure:19201: checking if you want NumLock to override keyboard tables
configure:19218: result: yes
configure:19225: checking if you want support for get/set of base64 selection data
configure:19242: result: yes
configure:19258: checking if you want support for pty-handshaking
configure:19275: result: yes
configure:19291: checking if you want support for mouse in readline applications
configure:19308: result: no
configure:19318: checking if you want support for regular-expression selections
configure:19335: result: yes
configure:19339: checking if you want to use PCRE2 for regular-expressions
configure:19348: result: no
configure:19837: checking if you want to use PCRE for regular-expressions
configure:19846: result: no
configure:20223: checking for regcomp
configure:20260: gcc -o conftest -g -O2 -D_DEFAULT_SOURCE -D_XOPEN_SOURCE=700 -DNARROWPROTO=1 -DFUNCPROTO=15 -DOSMAJORVERSION=4 -DOSMINORVERSION=18 -I/usr/include/freetype2 -I/usr/include/libpng16 -I/usr/include/harfbuzz -I/usr/include/glib-2.0 -I/usr/lib/glib-2.0/include -I/usr/include/uuid -I/usr/include/freetype2 -I/usr/include/libpng16 -I/usr/include/harfbuzz -I/usr/include/glib-2.0 -I/usr/lib/glib-2.0/include -I/usr/include/freetype2 -I/usr/include/libpng16 -I/usr/include/harfbuzz -I/usr/include/glib-2.0 -I/usr/include/uuid  conftest.c  -lXft -lfontconfig -lfreetype -lutil -lXaw7 -lXmu -lXt -lX11 -lXinerama -lXpm -lSM -lICE -lncurses >&5
configure:20263: $? = 0
configure:20266: test -s conftest
configure:20269: $? = 0
configure:20279: result: yes
configure:20505: checking for regular-expression headers
configure:20576: gcc -o conftest -g -O2 -D_DEFAULT_SOURCE -D_XOPEN_SOURCE=700 -DNARROWPROTO=1 -DFUNCPROTO=15 -DOSMAJORVERSION=4 -DOSMINORVERSION=18 -I/usr/include/freetype2 -I/usr/include/libpng16 -I/usr/include/harfbuzz -I/usr/include/glib-2.0 -I/usr/lib/glib-2.0/include -I/usr/include/uuid -I/usr/include/freetype2 -I/usr/include/libpng16 -I/usr/include/harfbuzz -I/usr/include/glib-2.0 -I/usr/lib/glib-2.0/include -I/usr/include/freetype2 -I/usr/include/libpng16 -I/usr/include/harfbuzz -I/usr/include/glib-2.0 -I/usr/include/uuid  conftest.c  -lXft -lfontconfig -lfreetype -lutil -lXaw7 -lXmu -lXt -lX11 -lXinerama -lXpm -lSM -lICE -lncurses >&5
configure:20579: $? = 0
configure:20582: test -s conftest
configure:20585: $? = 0
configure:20601: result: regex.h
configure:20638: checking if you want support for right-scrollbar
configure:20655: result: yes
configure:20665: checking if you want check for redundant name-change
configure:20682: result: yes
configure:20689: checking if you want support for selection-actions
configure:20706: result: yes
configure:20713: checking if you want support for session management
configure:20730: result: yes
configure:20737: checking if you want to use termcap function-keys
configure:20754: result: yes
configure:20761: checking if you want to use termcap-query/report
configure:20778: result: yes
configure:20785: checking if you want support for tek4014
configure:20802: result: yes
configure:20816: checking if you want pulldown menus with a toolbar
configure:20833: result: no
configure:20843: checking if you want VT52 emulation
configure:20860: result: yes
configure:20867: checking if you want wide-attribute support
configure:20884: result: yes
configure:20893: checking if you want wide-character support
configure:20910: result: yes
configure:20917: checking if you want only 16-bit character support
configure:20934: result: no
configure:20948: checking if you want to use mini-luit/Latin9 built-in support
configure:20965: result: no
configure:20975: checking if you want to use luit
configure:20992: result: yes
configure:21005: checking for xterm-filter
configure:21036: result: no
configure:21005: checking for xterm-filter
configure:21036: result: no
configure:21005: checking for bluit
configure:21036: result: no
configure:21005: checking for luit
configure:21022: found /usr/bin/luit
configure:21033: result: /usr/bin/luit
configure:21095: testing defining path for /usr/bin/luit ...
configure:21119: checking if you want dynamic-abbreviation support
configure:21136: result: no
configure:21146: checking if you want DECterm Locator support
configure:21163: result: no
configure:21173: checking if you want XHTML and SVG screen dump support
configure:21190: result: yes
configure:21202: checking if you want ReGIS graphics support
configure:21219: result: no
configure:21298: checking if you want sixel graphics support
configure:21315: result: yes
configure:21339: checking if you want VT420 rectangle support
configure:21356: result: yes
configure:21366: checking if you want -ziconbeep option
configure:21383: result: yes
configure:21392: checking if you want debugging traces
configure:21409: result: no
configure:21421: checking if you want to use dmalloc for testing
configure:21438: result: no
configure:21653: checking if you want to use dbmalloc for testing
configure:21670: result: no
configure:21885: checking if you want to use valgrind for testing
configure:21902: result: no
configure:22015: checking if you want to perform memory-leak testing
configure:22025: result: no
configure:22040: checking if you want to see long compiling messages
configure:22074: result: yes
configure:22077: checking if you want magic cookie emulation
configure:22094: result: no
configure:22109: checking for tigetstr
configure:22146: gcc -o conftest -g -O2 -D_DEFAULT_SOURCE -D_XOPEN_SOURCE=700 -DNARROWPROTO=1 -DFUNCPROTO=15 -DOSMAJORVERSION=4 -DOSMINORVERSION=18 -I/usr/include/freetype2 -I/usr/include/libpng16 -I/usr/include/harfbuzz -I/usr/include/glib-2.0 -I/usr/lib/glib-2.0/include -I/usr/include/uuid -I/usr/include/freetype2 -I/usr/include/libpng16 -I/usr/include/harfbuzz -I/usr/include/glib-2.0 -I/usr/lib/glib-2.0/include -I/usr/include/freetype2 -I/usr/include/libpng16 -I/usr/include/harfbuzz -I/usr/include/glib-2.0 -I/usr/include/uuid  conftest.c  -lXft -lfontconfig -lfreetype -lutil -lXaw7 -lXmu -lXt -lX11 -lXinerama -lXpm -lSM -lICE -lncurses >&5
configure:22149: $? = 0
configure:22152: test -s conftest
configure:22155: $? = 0
configure:22165: result: yes
configure:22180: checking for use_extended_names
configure:22217: gcc -o conftest -g -O2 -D_DEFAULT_SOURCE -D_XOPEN_SOURCE=700 -DNARROWPROTO=1 -DFUNCPROTO=15 -DOSMAJORVERSION=4 -DOSMINORVERSION=18 -I/usr/include/freetype2 -I/usr/include/libpng16 -I/usr/include/harfbuzz -I/usr/include/glib-2.0 -I/usr/lib/glib-2.0/include -I/usr/include/uuid -I/usr/include/freetype2 -I/usr/include/libpng16 -I/usr/include/harfbuzz -I/usr/include/glib-2.0 -I/usr/lib/glib-2.0/include -I/usr/include/freetype2 -I/usr/include/libpng16 -I/usr/include/harfbuzz -I/usr/include/glib-2.0 -I/usr/include/uuid  conftest.c  -lXft -lfontconfig -lfreetype -lutil -lXaw7 -lXmu -lXt -lX11 -lXinerama -lXpm -lSM -lICE -lncurses >&5
configure:22220: $? = 0
configure:22223: test -s conftest
configure:22226: $? = 0
configure:22236: result: yes
configure:22249: checking if you want to turn on gcc warnings
configure:22266: result: no
configure:22661: checking if filesystem supports mixed-case filenames
configure:22688: result: yes
configure:22699: checking for exctags
configure:22725: result: no
configure:22699: checking for ctags
configure:22714: found /usr/bin/ctags
configure:22722: result: ctags
configure:22736: checking for exetags
configure:22762: result: no
configure:22736: checking for etags
configure:22762: result: no
configure:22771: checking for ctags
configure:22786: found /usr/bin/ctags
configure:22795: result: yes
configure:22805: checking for etags
configure:22829: result: no
configure:22855: checking for an rpath option
configure:22886: result: -Wl,-rpath,
configure:22950: checking if rpath-hack should be disabled
configure:22967: result: no
configure:22971: checking for updated LDFLAGS
configure:22974: result: maybe
configure:22981: checking for ldd
configure:22996: found /usr/bin/ldd
configure:23004: result: ldd
configure:23033: gcc -o conftest -g -O2 -D_DEFAULT_SOURCE -D_XOPEN_SOURCE=700 -DNARROWPROTO=1 -DFUNCPROTO=15 -DOSMAJORVERSION=4 -DOSMINORVERSION=18 -I/usr/include/freetype2 -I/usr/include/libpng16 -I/usr/include/harfbuzz -I/usr/include/glib-2.0 -I/usr/lib/glib-2.0/include -I/usr/include/uuid -I/usr/include/freetype2 -I/usr/include/libpng16 -I/usr/include/harfbuzz -I/usr/include/glib-2.0 -I/usr/lib/glib-2.0/include -I/usr/include/freetype2 -I/usr/include/libpng16 -I/usr/include/harfbuzz -I/usr/include/glib-2.0 -I/usr/include/uuid  conftest.c  -lXft -lfontconfig -lfreetype -lutil -lXaw7 -lXmu -lXt -lX11 -lXinerama -lXpm -lSM -lICE -lncurses >&5
configure:23036: $? = 0
configure:23039: test -s conftest
configure:23042: $? = 0
configure:23082: testing ...checking EXTRA_LDFLAGS  ...
configure:23086: testing ...checking LDFLAGS  ...
configure:23136: testing ...checked LDFLAGS  ...
configure:23140: testing ...checking LIBS  -lXft -lfontconfig -lfreetype -lutil -lXaw7 -lXmu -lXt -lX11 -lXinerama -lXpm -lSM -lICE -lncurses ...
configure:23190: testing ...checked LIBS  -lXft -lfontconfig -lfreetype -lutil -lXaw7 -lXmu -lXt -lX11 -lXinerama -lXpm -lSM -lICE -lncurses ...
configure:23194: testing ...checked EXTRA_LDFLAGS  ...
configure:23292: creating ./config.status

## ----------------------- ##
## Running config.status.  ##
## ----------------------- ##

This file was extended by config.status 2.52.20181006, executed with
  CONFIG_FILES    = 
  CONFIG_HEADERS  = 
  CONFIG_LINKS    = 
  CONFIG_COMMANDS = 
  > ./config.status 
on hanaharu

config.status:23835: creating Makefile
config.status:23835: creating df-install
config.status:23835: creating minstall
config.status:23988: creating xtermcfg.h
config.status:24130: xtermcfg.h is unchanged

## ----------------- ##
## Cache variables.  ##
## ----------------- ##

ac_cv_build=x86_64-pc-linux-gnu
ac_cv_build_alias=x86_64-pc-linux-gnu
ac_cv_c_compiler_gnu=yes
ac_cv_env_CC_set=
ac_cv_env_CC_value=
ac_cv_env_CFLAGS_set=
ac_cv_env_CFLAGS_value=
ac_cv_env_CPPFLAGS_set=
ac_cv_env_CPPFLAGS_value=
ac_cv_env_CPP_set=
ac_cv_env_CPP_value=
ac_cv_env_LDFLAGS_set=
ac_cv_env_LDFLAGS_value=
ac_cv_env_build_alias_set=
ac_cv_env_build_alias_value=
ac_cv_env_host_alias_set=
ac_cv_env_host_alias_value=
ac_cv_env_target_alias_set=
ac_cv_env_target_alias_value=
ac_cv_func_XftDrawCharSpec=yes
ac_cv_func_XftDrawSetClip=yes
ac_cv_func_XftDrawSetClipRectangles=yes
ac_cv_func_XkbKeycodeToKeysym=yes
ac_cv_func_XkbQueryExtension=yes
ac_cv_func_Xutf8LookupString=yes
ac_cv_func_connect=yes
ac_cv_func_endusershell=yes
ac_cv_func_gethostbyname=yes
ac_cv_func_gethostname=yes
ac_cv_func_getlogin=yes
ac_cv_func_getusershell=yes
ac_cv_func_grantpt=no
ac_cv_func_initgroups=yes
ac_cv_func_mkdtemp=yes
ac_cv_func_posix_openpt=yes
ac_cv_func_ptsname=yes
ac_cv_func_putenv=yes
ac_cv_func_regcomp=yes
ac_cv_func_remove=yes
ac_cv_func_sched_yield=yes
ac_cv_func_setpgid=yes
ac_cv_func_shmat=yes
ac_cv_func_strftime=yes
ac_cv_func_tcgetattr=yes
ac_cv_func_tigetstr=yes
ac_cv_func_unsetenv=yes
ac_cv_func_use_extended_names=yes
ac_cv_func_waitpid=yes
ac_cv_func_wcswidth=yes
ac_cv_func_wcwidth=yes
ac_cv_have_x='have_x=yes 		ac_x_includes= ac_x_libraries='
ac_cv_header_X11_DECkeysym_h=yes
ac_cv_header_X11_Intrinsic_h=yes
ac_cv_header_X11_Sunkeysym_h=yes
ac_cv_header_X11_TranslateI_h=yes
ac_cv_header_X11_XF86keysym_h=yes
ac_cv_header_X11_XKBlib_h=yes
ac_cv_header_X11_Xpoll_h=yes
ac_cv_header_X11_extensions_XKB_h=yes
ac_cv_header_X11_xpm_h=yes
ac_cv_header_inttypes_h=yes
ac_cv_header_lastlog_h=yes
ac_cv_header_libutil_h=no
ac_cv_header_memory_h=yes
ac_cv_header_ncurses_curses_h=no
ac_cv_header_ncurses_term_h=no
ac_cv_header_paths_h=yes
ac_cv_header_pty_h=yes
ac_cv_header_stdc=yes
ac_cv_header_stdint_h=yes
ac_cv_header_stdlib_h=yes
ac_cv_header_string_h=yes
ac_cv_header_strings_h=yes
ac_cv_header_stropts_h=yes
ac_cv_header_sys_param_h=yes
ac_cv_header_sys_ptem_h=no
ac_cv_header_sys_stat_h=yes
ac_cv_header_sys_ttydefaults_h=yes
ac_cv_header_sys_types_h=yes
ac_cv_header_sys_wait_h=yes
ac_cv_header_term_h=yes
ac_cv_header_termcap_h=yes
ac_cv_header_termios_h=yes
ac_cv_header_time=yes
ac_cv_header_unistd_h=yes
ac_cv_header_util_h=no
ac_cv_header_wchar_h=yes
ac_cv_host=x86_64-pc-linux-gnu
ac_cv_host_alias=x86_64-pc-linux-gnu
ac_cv_lib_ICE_IceConnectionNumber=yes
ac_cv_lib_Xcursor_XcursorGetTheme=yes
ac_cv_lib_Xpm_XpmCreatePixmapFromData=yes
ac_cv_lib_elf_elf_begin=yes
ac_cv_lib_util_openpty=yes
ac_cv_objext=o
ac_cv_path_GROFF_PATH=/usr/bin/groff
ac_cv_path_LUIT=/usr/bin/luit
ac_cv_path_NROFF_PATH=/usr/bin/nroff
ac_cv_path_TBL_PATH=/usr/bin/tbl
ac_cv_path_XTERM_PATH=/usr/bin/xterm
ac_cv_path_ac_pt_PKG_CONFIG=/usr/bin/pkg-config
ac_cv_path_cf_man2html=no
ac_cv_path_install='/usr/bin/install -c'
ac_cv_prog_AWK=gawk
ac_cv_prog_CPP='gcc -E'
ac_cv_prog_CTAGS=ctags
ac_cv_prog_MAKE_LOWER_TAGS=yes
ac_cv_prog_MAKE_UPPER_TAGS=no
ac_cv_prog_ac_ct_CC=gcc
ac_cv_prog_cc_g=yes
ac_cv_prog_cc_stdc=
ac_cv_prog_cf_ldd_prog=ldd
ac_cv_prog_cf_tic_prog=yes
ac_cv_prog_desktop_utils=yes
ac_cv_type_mode_t=yes
ac_cv_type_off_t=yes
ac_cv_type_pid_t=yes
ac_cv_type_time_t=yes
ac_cv_type_uid_t=yes
am_cv_langinfo_codeset=yes
cf_cv_dcl_errno=yes
cf_cv_dcl_sys_errlist=yes
cf_cv_dcl_sys_nerr=yes
cf_cv_define_sigwinch=yes
cf_cv_found_freetype=yes
cf_cv_gnu_dftsrc_219=yes
cf_cv_gnu_library=yes
cf_cv_gnu_library_219=yes
cf_cv_have_errno=no
cf_cv_have_sys_errlist=yes
cf_cv_have_sys_nerr=yes
cf_cv_have_utmp=utmp
cf_cv_have_utmp_ut_host=yes
cf_cv_have_utmp_ut_name=ut_name
cf_cv_have_utmp_ut_session=yes
cf_cv_have_utmp_ut_syslen=no
cf_cv_have_utmp_ut_xstatus=ut_exit.e_exit
cf_cv_have_utmp_ut_xtime=yes
cf_cv_icon_list=' icons/filled-xterm icons/mini.xterm icons/mini.xterm_48x48 icons/xterm-color icons/xterm'
cf_cv_input_method=yes
cf_cv_lib_part_tgetent=-lncurses
cf_cv_lib_tgetent=no
cf_cv_mixedcase=yes
cf_cv_path_lastlog=_PATH_LASTLOG
cf_cv_posix_saved_ids=yes
cf_cv_posix_wait=yes
cf_cv_regex_hdrs=regex.h
cf_cv_sig_atomic_t='volatile sig_atomic_t'
cf_cv_struct_lastlog=no
cf_cv_svr4=no
cf_cv_system_name=linux-gnu
cf_cv_sysv=no
cf_cv_sysv_utmp=yes
cf_cv_termio_c_ispeed=no
cf_cv_tty_group=yes
cf_cv_tty_group_name=tty
cf_cv_type_cc_t=yes
cf_cv_type_fd_mask=sys/types.h
cf_cv_type_fd_set=sys/types.h
cf_cv_x_freetype_cfgs=auto
cf_cv_x_freetype_incs='-I/usr/include/freetype2 -I/usr/include/libpng16 -I/usr/include/harfbuzz -I/usr/include/glib-2.0 -I/usr/lib/glib-2.0/include -I/usr/include/uuid '
cf_cv_x_freetype_libs=' -lXft '
cf_cv_xaw_compat=no
cf_cv_xft_compat=no
cf_cv_xkb_bell_ext=yes
cf_cv_xkb_keycode_to_keysym=yes
cf_cv_xkb_query_extension=yes
cf_cv_xt_ice_compat=no

## ------------ ##
## confdefs.h.  ##
## ------------ ##

#define SYSTEM_NAME "linux-gnu"
#define HAVE_STDLIB_H 1
#define HAVE_SYS_TTYDEFAULTS_H 1
#define HAVE_TERM_H 1
#define HAVE_TERMIOS_H 1
#define HAVE_UNISTD_H 1
#define HAVE_WCHAR_H 1
#define TIME_WITH_SYS_TIME 1
#define HAVE_LANGINFO_CODESET 1
#define SIG_ATOMIC_T volatile sig_atomic_t
#define STDC_HEADERS 1
#define HAVE_SYS_TYPES_H 1
#define HAVE_SYS_STAT_H 1
#define HAVE_STDLIB_H 1
#define HAVE_STRING_H 1
#define HAVE_MEMORY_H 1
#define HAVE_STRINGS_H 1
#define HAVE_INTTYPES_H 1
#define HAVE_STDINT_H 1
#define HAVE_UNISTD_H 1
#define HAVE_GETHOSTNAME 1
#define HAVE_GETUSERSHELL 1
#define HAVE_ENDUSERSHELL 1
#define HAVE_GETLOGIN 1
#define HAVE_INITGROUPS 1
#define HAVE_MKDTEMP 1
#define HAVE_PUTENV 1
#define HAVE_UNSETENV 1
#define HAVE_SCHED_YIELD 1
#define HAVE_SETPGID 1
#define HAVE_STRFTIME 1
#define HAVE_TCGETATTR 1
#define HAVE_WAITPID 1
#define HAVE_WCSWIDTH 1
#define HAVE_WCWIDTH 1
#define HAVE_LASTLOG_H 1
#define HAVE_PATHS_H 1
#define USE_LASTLOG 1
#define HAVE_UTMP 1
#define HAVE_UTMP_UT_HOST 1
#define HAVE_UTMP_UT_XSTATUS 1
#define ut_xstatus ut_exit.e_exit
#define HAVE_UTMP_UT_XTIME 1
#define HAVE_UTMP_UT_SESSION 1
#define USE_SYSV_UTMP 1
#define HAVE_LASTLOG_H 1
#define HAVE_SYS_PARAM_H 1
#define HAVE_POSIX_SAVED_IDS 1
#define HAVE_TERMCAP_H 1
#define USE_TERMINFO 1
#define XTERM_PATH_PATH "/usr/bin/xterm"
#define TTY_GROUP_NAME "tty"
#define USE_TTY_GROUP 1
#define HAVE_SYS_WAIT_H 1
#define USE_POSIX_WAIT 1
#define HAVE_SYS_NERR 1
#define HAVE_SYS_ERRLIST 1
#define HAVE_TERMIOS_H 1
#define HAVE_STDLIB_H 1
#define HAVE_X11_INTRINSIC_H 1
#define HAVE_X11_DECKEYSYM_H 1
#define HAVE_X11_SUNKEYSYM_H 1
#define HAVE_X11_XF86KEYSYM_H 1
#define HAVE_X11_XKBLIB_H 1
#define HAVE_X11_TRANSLATEI_H 1
#define HAVE_X11_XPOLL_H 1
#define HAVE_X11_EXTENSIONS_XKB_H 1
#define HAVE_LIBXPM 1
#define HAVE_X11_EXTENSIONS_XINERAMA_H 1
#define HAVE_LIB_XAW 1
#define HAVE_X11_XPOLL_H 1
#define HAVE_LIB_XCURSOR 1
#define HAVE_STROPTS_H 1
#define HAVE_GRANTPT 1
#define HAVE_PTSNAME 1
#define HAVE_POSIX_OPENPT 1
#define HAVE_OPENPTY 1
#define HAVE_PTY_H 1
#define HAVE_XKBQUERYEXTENSION 1
#define HAVE_XKBKEYCODETOKEYSYM 1
#define HAVE_XKB_BELL_EXT 1
#define HAVE_XUTF8LOOKUPSTRING 1
#define DFT_DECID "420"
#define DFT_TERMTYPE "xterm"
#define DEF_BACKARO_BS True
#define DEF_BACKARO_ERASE False
#define DEFDELETE_DEL Maybe
#define DEF_INITIAL_ERASE False
#define DEF_ALT_SENDS_ESC False
#define DEF_META_SENDS_ESC False
#define OPT_256_COLORS 1
#define OPT_DIRECT_COLOR 1
#define OPT_BROKEN_OSC 1
#define XRENDERFONT 1
#define HAVE_XFTDRAWCHARSPEC 1
#define HAVE_XFTDRAWSETCLIP 1
#define HAVE_XFTDRAWSETCLIPRECTANGLES 1
#define OPT_FIFO_LINES 1
#define OPT_PASTE64 1
#define OPT_PTY_HANDSHAKE 1
#define HAVE_REGEX_H_FUNCS 1
#define OPT_SELECT_REGEX 1
#define SCROLLBAR_RIGHT 1
#define OPT_TCAP_FKEYS 1
#define OPT_TCAP_QUERY 1
#define OPT_LUIT_PROG 1
#define LUIT_PATH "/usr/bin/luit"
#define OPT_WIDE_CHARS 1
#define OPT_SCREEN_DUMPS 1
#define OPT_SIXEL_GRAPHICS 1
#define OPT_GRAPHICS 1
#define OPT_DEC_RECTOPS 1
#define HAVE_TIGETSTR 1
#define HAVE_USE_EXTENDED_NAMES 1
#define MIXEDCASE_FILENAMES 1


configure: exit 0
